{"C:\\Users\\ramon.alves\\Desktop\\projeto-eq17\\frontend\\src\\utils\\soma.ts": {"path":"C:\\Users\\ramon.alves\\Desktop\\projeto-eq17\\frontend\\src\\utils\\soma.ts","statementMap":{"0":{"start":{"line":2,"column":2},"end":{"line":2,"column":null}}},"fnMap":{"0":{"name":"soma","decl":{"start":{"line":1,"column":16},"end":{"line":1,"column":21}},"loc":{"start":{"line":1,"column":51},"end":{"line":3,"column":null}},"line":1}},"branchMap":{},"s":{"0":1},"f":{"0":1},"b":{},"meta":{"lastBranch":0,"lastFunction":1,"lastStatement":1,"seen":{"f:1:16:1:21":0,"s:2:2:2:Infinity":0},"fnNames":{}}}
}
