{"C:\\Users\\ramon.alves\\projeto-eq17\\frontend\\src\\App.tsx": {"path":"C:\\Users\\ramon.alves\\projeto-eq17\\frontend\\src\\App.tsx","statementMap":{"0":{"start":{"line":15,"column":27},"end":{"line":15,"column":null}},"1":{"start":{"line":17,"column":2},"end":{"line":32,"column":null}},"2":{"start":{"line":18,"column":4},"end":{"line":30,"column":null}},"3":{"start":{"line":34,"column":2},"end":{"line":34,"column":null}},"4":{"start":{"line":39,"column":27},"end":{"line":39,"column":null}},"5":{"start":{"line":41,"column":2},"end":{"line":56,"column":null}},"6":{"start":{"line":42,"column":4},"end":{"line":54,"column":null}},"7":{"start":{"line":58,"column":2},"end":{"line":58,"column":null}},"8":{"start":{"line":62,"column":2},"end":{"line":124,"column":null}}},"fnMap":{"0":{"name":"PrivateRoute","decl":{"start":{"line":14,"column":9},"end":{"line":14,"column":22}},"loc":{"start":{"line":14,"column":69},"end":{"line":35,"column":null}},"line":14},"1":{"name":"PublicOnlyRoute","decl":{"start":{"line":38,"column":9},"end":{"line":38,"column":25}},"loc":{"start":{"line":38,"column":72},"end":{"line":59,"column":null}},"line":38},"2":{"name":"App","decl":{"start":{"line":61,"column":24},"end":{"line":61,"column":30}},"loc":{"start":{"line":61,"column":30},"end":{"line":126,"column":null}},"line":61}},"branchMap":{"0":{"loc":{"start":{"line":17,"column":2},"end":{"line":32,"column":null}},"type":"if","locations":[{"start":{"line":17,"column":2},"end":{"line":32,"column":null}},{"start":{},"end":{}}],"line":17},"1":{"loc":{"start":{"line":34,"column":9},"end":{"line":34,"column":null}},"type":"cond-expr","locations":[{"start":{"line":34,"column":27},"end":{"line":34,"column":38}},{"start":{"line":34,"column":38},"end":{"line":34,"column":null}}],"line":34},"2":{"loc":{"start":{"line":41,"column":2},"end":{"line":56,"column":null}},"type":"if","locations":[{"start":{"line":41,"column":2},"end":{"line":56,"column":null}},{"start":{},"end":{}}],"line":41},"3":{"loc":{"start":{"line":58,"column":9},"end":{"line":58,"column":null}},"type":"cond-expr","locations":[{"start":{"line":58,"column":28},"end":{"line":58,"column":39}},{"start":{"line":58,"column":39},"end":{"line":58,"column":null}}],"line":58}},"s":{"0":0,"1":0,"2":0,"3":0,"4":0,"5":0,"6":0,"7":0,"8":0},"f":{"0":0,"1":0,"2":0},"b":{"0":[0,0],"1":[0,0],"2":[0,0],"3":[0,0]},"meta":{"lastBranch":4,"lastFunction":3,"lastStatement":9,"seen":{"f:14:9:14:22":0,"s:15:27:15:Infinity":0,"b:17:2:32:Infinity:undefined:undefined:undefined:undefined":0,"s:17:2:32:Infinity":1,"s:18:4:30:Infinity":2,"s:34:2:34:Infinity":3,"b:34:27:34:38:34:38:34:Infinity":1,"f:38:9:38:25":1,"s:39:27:39:Infinity":4,"b:41:2:56:Infinity:undefined:undefined:undefined:undefined":2,"s:41:2:56:Infinity":5,"s:42:4:54:Infinity":6,"s:58:2:58:Infinity":7,"b:58:28:58:39:58:39:58:Infinity":3,"f:61:24:61:30":2,"s:62:2:124:Infinity":8},"fnNames":{}}}
,"C:\\Users\\ramon.alves\\projeto-eq17\\frontend\\src\\components\\IaAssistant.tsx": {"path":"C:\\Users\\ramon.alves\\projeto-eq17\\frontend\\src\\components\\IaAssistant.tsx","statementMap":{"0":{"start":{"line":13,"column":17},"end":{"line":13,"column":null}},"1":{"start":{"line":14,"column":20},"end":{"line":20,"column":null}},"2":{"start":{"line":21,"column":20},"end":{"line":21,"column":null}},"3":{"start":{"line":22,"column":20},"end":{"line":22,"column":null}},"4":{"start":{"line":23,"column":8},"end":{"line":23,"column":null}},"5":{"start":{"line":26,"column":2},"end":{"line":30,"column":null}},"6":{"start":{"line":27,"column":4},"end":{"line":29,"column":null}},"7":{"start":{"line":28,"column":6},"end":{"line":28,"column":null}},"8":{"start":{"line":32,"column":21},"end":{"line":60,"column":null}},"9":{"start":{"line":33,"column":4},"end":{"line":33,"column":null}},"10":{"start":{"line":34,"column":4},"end":{"line":34,"column":null}},"11":{"start":{"line":34,"column":40},"end":{"line":34,"column":null}},"12":{"start":{"line":36,"column":28},"end":{"line":36,"column":null}},"13":{"start":{"line":37,"column":4},"end":{"line":37,"column":null}},"14":{"start":{"line":39,"column":26},"end":{"line":39,"column":null}},"15":{"start":{"line":40,"column":4},"end":{"line":40,"column":null}},"16":{"start":{"line":40,"column":25},"end":{"line":40,"column":103}},"17":{"start":{"line":41,"column":4},"end":{"line":41,"column":null}},"18":{"start":{"line":43,"column":4},"end":{"line":59,"column":null}},"19":{"start":{"line":44,"column":23},"end":{"line":44,"column":null}},"20":{"start":{"line":46,"column":6},"end":{"line":50,"column":null}},"21":{"start":{"line":46,"column":27},"end":{"line":50,"column":8}},"22":{"start":{"line":52,"column":6},"end":{"line":56,"column":null}},"23":{"start":{"line":52,"column":27},"end":{"line":56,"column":8}},"24":{"start":{"line":58,"column":6},"end":{"line":58,"column":null}},"25":{"start":{"line":63,"column":8},"end":{"line":80,"column":null}},"26":{"start":{"line":64,"column":4},"end":{"line":79,"column":null}},"27":{"start":{"line":66,"column":21},"end":{"line":66,"column":null}},"28":{"start":{"line":67,"column":29},"end":{"line":72,"column":null}},"29":{"start":{"line":68,"column":8},"end":{"line":70,"column":null}},"30":{"start":{"line":69,"column":10},"end":{"line":69,"column":null}},"31":{"start":{"line":71,"column":8},"end":{"line":71,"column":null}},"32":{"start":{"line":74,"column":6},"end":{"line":77,"column":null}},"33":{"start":{"line":82,"column":2},"end":{"line":293,"column":null}},"34":{"start":{"line":86,"column":23},"end":{"line":86,"column":null}},"35":{"start":{"line":160,"column":29},"end":{"line":160,"column":null}},"36":{"start":{"line":187,"column":14},"end":{"line":221,"column":null}},"37":{"start":{"line":248,"column":29},"end":{"line":248,"column":null}},"38":{"start":{"line":260,"column":29},"end":{"line":260,"column":null}},"39":{"start":{"line":261,"column":28},"end":{"line":261,"column":null}}},"fnMap":{"0":{"name":"IaAssistant","decl":{"start":{"line":12,"column":24},"end":{"line":12,"column":38}},"loc":{"start":{"line":12,"column":38},"end":{"line":295,"column":null}},"line":12},"1":{"name":"(anonymous_1)","decl":{"start":{"line":26,"column":2},"end":{"line":26,"column":18}},"loc":{"start":{"line":26,"column":18},"end":{"line":30,"column":5}},"line":26},"2":{"name":"(anonymous_2)","decl":{"start":{"line":32,"column":21},"end":{"line":32,"column":28}},"loc":{"start":{"line":32,"column":51},"end":{"line":60,"column":null}},"line":32},"3":{"name":"(anonymous_3)","decl":{"start":{"line":40,"column":4},"end":{"line":40,"column":17}},"loc":{"start":{"line":40,"column":25},"end":{"line":40,"column":103}},"line":40},"4":{"name":"(anonymous_4)","decl":{"start":{"line":46,"column":6},"end":{"line":46,"column":19}},"loc":{"start":{"line":46,"column":27},"end":{"line":50,"column":8}},"line":46},"5":{"name":"(anonymous_5)","decl":{"start":{"line":52,"column":6},"end":{"line":52,"column":19}},"loc":{"start":{"line":52,"column":27},"end":{"line":56,"column":8}},"line":52},"6":{"name":"(anonymous_6)","decl":{"start":{"line":63,"column":8},"end":{"line":63,"column":28}},"loc":{"start":{"line":63,"column":46},"end":{"line":80,"column":null}},"line":63},"7":{"name":"(anonymous_7)","decl":{"start":{"line":64,"column":29},"end":{"line":64,"column":34}},"loc":{"start":{"line":64,"column":51},"end":{"line":79,"column":5}},"line":64},"8":{"name":"(anonymous_8)","decl":{"start":{"line":67,"column":36},"end":{"line":67,"column":41}},"loc":{"start":{"line":67,"column":54},"end":{"line":72,"column":7}},"line":67},"9":{"name":"(anonymous_9)","decl":{"start":{"line":86,"column":8},"end":{"line":86,"column":23}},"loc":{"start":{"line":86,"column":23},"end":{"line":86,"column":null}},"line":86},"10":{"name":"(anonymous_10)","decl":{"start":{"line":160,"column":14},"end":{"line":160,"column":29}},"loc":{"start":{"line":160,"column":29},"end":{"line":160,"column":null}},"line":160},"11":{"name":"(anonymous_11)","decl":{"start":{"line":186,"column":23},"end":{"line":186,"column":27}},"loc":{"start":{"line":187,"column":14},"end":{"line":221,"column":null}},"line":187},"12":{"name":"(anonymous_12)","decl":{"start":{"line":248,"column":14},"end":{"line":248,"column":24}},"loc":{"start":{"line":248,"column":29},"end":{"line":248,"column":null}},"line":248},"13":{"name":"(anonymous_13)","decl":{"start":{"line":260,"column":14},"end":{"line":260,"column":23}},"loc":{"start":{"line":260,"column":29},"end":{"line":260,"column":null}},"line":260},"14":{"name":"(anonymous_14)","decl":{"start":{"line":261,"column":14},"end":{"line":261,"column":22}},"loc":{"start":{"line":261,"column":28},"end":{"line":261,"column":null}},"line":261}},"branchMap":{"0":{"loc":{"start":{"line":27,"column":4},"end":{"line":29,"column":null}},"type":"if","locations":[{"start":{"line":27,"column":4},"end":{"line":29,"column":null}},{"start":{},"end":{}}],"line":27},"1":{"loc":{"start":{"line":34,"column":4},"end":{"line":34,"column":null}},"type":"if","locations":[{"start":{"line":34,"column":4},"end":{"line":34,"column":null}},{"start":{},"end":{}}],"line":34},"2":{"loc":{"start":{"line":34,"column":8},"end":{"line":34,"column":40}},"type":"binary-expr","locations":[{"start":{"line":34,"column":8},"end":{"line":34,"column":29}},{"start":{"line":34,"column":29},"end":{"line":34,"column":40}}],"line":34},"3":{"loc":{"start":{"line":49,"column":15},"end":{"line":49,"column":null}},"type":"binary-expr","locations":[{"start":{"line":49,"column":15},"end":{"line":49,"column":36}},{"start":{"line":49,"column":36},"end":{"line":49,"column":null}}],"line":49},"4":{"loc":{"start":{"line":68,"column":8},"end":{"line":70,"column":null}},"type":"if","locations":[{"start":{"line":68,"column":8},"end":{"line":70,"column":null}},{"start":{},"end":{}}],"line":68},"5":{"loc":{"start":{"line":75,"column":64},"end":{"line":75,"column":102}},"type":"cond-expr","locations":[{"start":{"line":75,"column":86},"end":{"line":75,"column":95}},{"start":{"line":75,"column":95},"end":{"line":75,"column":102}}],"line":75},"6":{"loc":{"start":{"line":99,"column":19},"end":{"line":99,"column":null}},"type":"cond-expr","locations":[{"start":{"line":99,"column":28},"end":{"line":99,"column":37}},{"start":{"line":99,"column":37},"end":{"line":99,"column":null}}],"line":99},"7":{"loc":{"start":{"line":111,"column":7},"end":{"line":283,"column":null}},"type":"binary-expr","locations":[{"start":{"line":111,"column":7},"end":{"line":111,"column":null}},{"start":{"line":112,"column":8},"end":{"line":283,"column":null}}],"line":111},"8":{"loc":{"start":{"line":190,"column":29},"end":{"line":190,"column":null}},"type":"cond-expr","locations":[{"start":{"line":190,"column":59},"end":{"line":190,"column":72}},{"start":{"line":190,"column":72},"end":{"line":190,"column":null}}],"line":190},"9":{"loc":{"start":{"line":194,"column":30},"end":{"line":194,"column":null}},"type":"cond-expr","locations":[{"start":{"line":194,"column":60},"end":{"line":194,"column":73}},{"start":{"line":194,"column":73},"end":{"line":194,"column":null}}],"line":194},"10":{"loc":{"start":{"line":199,"column":19},"end":{"line":202,"column":null}},"type":"cond-expr","locations":[{"start":{"line":200,"column":20},"end":{"line":202,"column":22}},{"start":{"line":202,"column":20},"end":{"line":202,"column":null}}],"line":199},"11":{"loc":{"start":{"line":209,"column":34},"end":{"line":209,"column":null}},"type":"cond-expr","locations":[{"start":{"line":209,"column":64},"end":{"line":209,"column":85}},{"start":{"line":209,"column":85},"end":{"line":209,"column":null}}],"line":209},"12":{"loc":{"start":{"line":210,"column":37},"end":{"line":210,"column":null}},"type":"cond-expr","locations":[{"start":{"line":210,"column":67},"end":{"line":210,"column":79}},{"start":{"line":210,"column":79},"end":{"line":210,"column":null}}],"line":210},"13":{"loc":{"start":{"line":211,"column":27},"end":{"line":211,"column":null}},"type":"cond-expr","locations":[{"start":{"line":211,"column":57},"end":{"line":211,"column":69}},{"start":{"line":211,"column":69},"end":{"line":211,"column":null}}],"line":211},"14":{"loc":{"start":{"line":214,"column":31},"end":{"line":214,"column":null}},"type":"cond-expr","locations":[{"start":{"line":214,"column":61},"end":{"line":214,"column":99}},{"start":{"line":214,"column":99},"end":{"line":214,"column":null}}],"line":214},"15":{"loc":{"start":{"line":215,"column":28},"end":{"line":215,"column":null}},"type":"cond-expr","locations":[{"start":{"line":215,"column":58},"end":{"line":215,"column":67}},{"start":{"line":215,"column":67},"end":{"line":215,"column":null}}],"line":215},"16":{"loc":{"start":{"line":225,"column":13},"end":{"line":229,"column":null}},"type":"binary-expr","locations":[{"start":{"line":225,"column":13},"end":{"line":225,"column":null}},{"start":{"line":226,"column":14},"end":{"line":229,"column":null}}],"line":225},"17":{"loc":{"start":{"line":265,"column":24},"end":{"line":265,"column":null}},"type":"binary-expr","locations":[{"start":{"line":265,"column":24},"end":{"line":265,"column":45}},{"start":{"line":265,"column":45},"end":{"line":265,"column":null}}],"line":265},"18":{"loc":{"start":{"line":270,"column":33},"end":{"line":270,"column":null}},"type":"cond-expr","locations":[{"start":{"line":270,"column":66},"end":{"line":270,"column":78}},{"start":{"line":270,"column":78},"end":{"line":270,"column":null}}],"line":270},"19":{"loc":{"start":{"line":270,"column":33},"end":{"line":270,"column":66}},"type":"binary-expr","locations":[{"start":{"line":270,"column":33},"end":{"line":270,"column":53}},{"start":{"line":270,"column":53},"end":{"line":270,"column":66}}],"line":270},"20":{"loc":{"start":{"line":271,"column":23},"end":{"line":271,"column":null}},"type":"cond-expr","locations":[{"start":{"line":271,"column":56},"end":{"line":271,"column":68}},{"start":{"line":271,"column":68},"end":{"line":271,"column":null}}],"line":271},"21":{"loc":{"start":{"line":271,"column":23},"end":{"line":271,"column":56}},"type":"binary-expr","locations":[{"start":{"line":271,"column":23},"end":{"line":271,"column":43}},{"start":{"line":271,"column":43},"end":{"line":271,"column":56}}],"line":271},"22":{"loc":{"start":{"line":273,"column":24},"end":{"line":273,"column":null}},"type":"cond-expr","locations":[{"start":{"line":273,"column":57},"end":{"line":273,"column":69}},{"start":{"line":273,"column":69},"end":{"line":273,"column":null}}],"line":273},"23":{"loc":{"start":{"line":273,"column":24},"end":{"line":273,"column":57}},"type":"binary-expr","locations":[{"start":{"line":273,"column":24},"end":{"line":273,"column":44}},{"start":{"line":273,"column":44},"end":{"line":273,"column":57}}],"line":273}},"s":{"0":6,"1":6,"2":6,"3":6,"4":6,"5":6,"6":5,"7":3,"8":6,"9":1,"10":1,"11":0,"12":1,"13":1,"14":1,"15":1,"16":1,"17":1,"18":1,"19":1,"20":1,"21":1,"22":0,"23":0,"24":1,"25":6,"26":7,"27":27,"28":27,"29":35,"30":4,"31":31,"32":27,"33":6,"34":1,"35":0,"36":7,"37":1,"38":0,"39":0},"f":{"0":6,"1":5,"2":1,"3":1,"4":1,"5":0,"6":7,"7":27,"8":35,"9":1,"10":0,"11":7,"12":1,"13":0,"14":0},"b":{"0":[3,2],"1":[0,1],"2":[1,1],"3":[1,0],"4":[4,31],"5":[4,23],"6":[4,2],"7":[6,4],"8":[2,5],"9":[2,5],"10":[2,5],"11":[2,5],"12":[2,5],"13":[2,5],"14":[2,5],"15":[2,5],"16":[4,1],"17":[4,1],"18":[1,3],"19":[4,1],"20":[1,3],"21":[4,1],"22":[1,3],"23":[4,1]},"meta":{"lastBranch":24,"lastFunction":15,"lastStatement":40,"seen":{"f:12:24:12:38":0,"s:13:17:13:Infinity":0,"s:14:20:20:Infinity":1,"s:21:20:21:Infinity":2,"s:22:20:22:Infinity":3,"s:23:8:23:Infinity":4,"s:26:2:30:Infinity":5,"f:26:2:26:18":1,"b:27:4:29:Infinity:undefined:undefined:undefined:undefined":0,"s:27:4:29:Infinity":6,"s:28:6:28:Infinity":7,"s:32:21:60:Infinity":8,"f:32:21:32:28":2,"s:33:4:33:Infinity":9,"b:34:4:34:Infinity:undefined:undefined:undefined:undefined":1,"s:34:4:34:Infinity":10,"b:34:8:34:29:34:29:34:40":2,"s:34:40:34:Infinity":11,"s:36:28:36:Infinity":12,"s:37:4:37:Infinity":13,"s:39:26:39:Infinity":14,"s:40:4:40:Infinity":15,"f:40:4:40:17":3,"s:40:25:40:103":16,"s:41:4:41:Infinity":17,"s:43:4:59:Infinity":18,"s:44:23:44:Infinity":19,"s:46:6:50:Infinity":20,"f:46:6:46:19":4,"s:46:27:50:8":21,"b:49:15:49:36:49:36:49:Infinity":3,"s:52:6:56:Infinity":22,"f:52:6:52:19":5,"s:52:27:56:8":23,"s:58:6:58:Infinity":24,"s:63:8:80:Infinity":25,"f:63:8:63:28":6,"s:64:4:79:Infinity":26,"f:64:29:64:34":7,"s:66:21:66:Infinity":27,"s:67:29:72:Infinity":28,"f:67:36:67:41":8,"b:68:8:70:Infinity:undefined:undefined:undefined:undefined":4,"s:68:8:70:Infinity":29,"s:69:10:69:Infinity":30,"s:71:8:71:Infinity":31,"s:74:6:77:Infinity":32,"b:75:86:75:95:75:95:75:102":5,"s:82:2:293:Infinity":33,"f:86:8:86:23":9,"s:86:23:86:Infinity":34,"b:99:28:99:37:99:37:99:Infinity":6,"b:111:7:111:Infinity:112:8:283:Infinity":7,"f:160:14:160:29":10,"s:160:29:160:Infinity":35,"f:186:23:186:27":11,"s:187:14:221:Infinity":36,"b:190:59:190:72:190:72:190:Infinity":8,"b:194:60:194:73:194:73:194:Infinity":9,"b:200:20:202:22:202:20:202:Infinity":10,"b:209:64:209:85:209:85:209:Infinity":11,"b:210:67:210:79:210:79:210:Infinity":12,"b:211:57:211:69:211:69:211:Infinity":13,"b:214:61:214:99:214:99:214:Infinity":14,"b:215:58:215:67:215:67:215:Infinity":15,"b:225:13:225:Infinity:226:14:229:Infinity":16,"f:248:14:248:24":12,"s:248:29:248:Infinity":37,"f:260:14:260:23":13,"s:260:29:260:Infinity":38,"f:261:14:261:22":14,"s:261:28:261:Infinity":39,"b:265:24:265:45:265:45:265:Infinity":17,"b:270:66:270:78:270:78:270:Infinity":18,"b:270:33:270:53:270:53:270:66":19,"b:271:56:271:68:271:68:271:Infinity":20,"b:271:23:271:43:271:43:271:56":21,"b:273:57:273:69:273:69:273:Infinity":22,"b:273:24:273:44:273:44:273:57":23},"fnNames":{}}}
,"C:\\Users\\ramon.alves\\projeto-eq17\\frontend\\src\\components\\NotificacoesMenu.tsx": {"path":"C:\\Users\\ramon.alves\\projeto-eq17\\frontend\\src\\components\\NotificacoesMenu.tsx","statementMap":{"0":{"start":{"line":15,"column":23},"end":{"line":15,"column":null}},"1":{"start":{"line":16,"column":24},"end":{"line":16,"column":null}},"2":{"start":{"line":17,"column":17},"end":{"line":17,"column":null}},"3":{"start":{"line":18,"column":8},"end":{"line":18,"column":null}},"4":{"start":{"line":20,"column":2},"end":{"line":25,"column":null}},"5":{"start":{"line":21,"column":4},"end":{"line":21,"column":null}},"6":{"start":{"line":23,"column":21},"end":{"line":23,"column":null}},"7":{"start":{"line":24,"column":4},"end":{"line":24,"column":null}},"8":{"start":{"line":24,"column":17},"end":{"line":24,"column":null}},"9":{"start":{"line":28,"column":2},"end":{"line":36,"column":null}},"10":{"start":{"line":30,"column":6},"end":{"line":32,"column":null}},"11":{"start":{"line":31,"column":8},"end":{"line":31,"column":null}},"12":{"start":{"line":34,"column":4},"end":{"line":34,"column":null}},"13":{"start":{"line":35,"column":4},"end":{"line":35,"column":null}},"14":{"start":{"line":35,"column":17},"end":{"line":35,"column":null}},"15":{"start":{"line":39,"column":4},"end":{"line":47,"column":null}},"16":{"start":{"line":40,"column":19},"end":{"line":40,"column":null}},"17":{"start":{"line":41,"column":6},"end":{"line":41,"column":null}},"18":{"start":{"line":43,"column":23},"end":{"line":43,"column":null}},"19":{"start":{"line":44,"column":6},"end":{"line":44,"column":null}},"20":{"start":{"line":46,"column":6},"end":{"line":46,"column":null}},"21":{"start":{"line":51,"column":4},"end":{"line":51,"column":null}},"22":{"start":{"line":52,"column":4},"end":{"line":60,"column":null}},"23":{"start":{"line":53,"column":6},"end":{"line":53,"column":null}},"24":{"start":{"line":54,"column":6},"end":{"line":56,"column":null}},"25":{"start":{"line":55,"column":8},"end":{"line":55,"column":null}},"26":{"start":{"line":55,"column":22},"end":{"line":55,"column":60}},"27":{"start":{"line":57,"column":6},"end":{"line":57,"column":null}},"28":{"start":{"line":57,"column":31},"end":{"line":57,"column":52}},"29":{"start":{"line":59,"column":6},"end":{"line":59,"column":null}},"30":{"start":{"line":64,"column":4},"end":{"line":72,"column":null}},"31":{"start":{"line":65,"column":6},"end":{"line":65,"column":null}},"32":{"start":{"line":66,"column":6},"end":{"line":68,"column":null}},"33":{"start":{"line":67,"column":8},"end":{"line":67,"column":null}},"34":{"start":{"line":67,"column":23},"end":{"line":67,"column":44}},"35":{"start":{"line":69,"column":6},"end":{"line":69,"column":null}},"36":{"start":{"line":71,"column":6},"end":{"line":71,"column":null}},"37":{"start":{"line":75,"column":8},"end":{"line":86,"column":null}},"38":{"start":{"line":76,"column":4},"end":{"line":85,"column":null}},"39":{"start":{"line":78,"column":8},"end":{"line":78,"column":null}},"40":{"start":{"line":80,"column":8},"end":{"line":80,"column":null}},"41":{"start":{"line":82,"column":8},"end":{"line":82,"column":null}},"42":{"start":{"line":84,"column":8},"end":{"line":84,"column":null}},"43":{"start":{"line":88,"column":2},"end":{"line":300,"column":null}},"44":{"start":{"line":92,"column":23},"end":{"line":92,"column":null}},"45":{"start":{"line":107,"column":10},"end":{"line":107,"column":null}},"46":{"start":{"line":108,"column":10},"end":{"line":108,"column":null}},"47":{"start":{"line":111,"column":10},"end":{"line":111,"column":null}},"48":{"start":{"line":112,"column":10},"end":{"line":112,"column":null}},"49":{"start":{"line":182,"column":37},"end":{"line":182,"column":null}},"50":{"start":{"line":183,"column":37},"end":{"line":183,"column":null}},"51":{"start":{"line":216,"column":16},"end":{"line":294,"column":null}},"52":{"start":{"line":275,"column":38},"end":{"line":275,"column":null}},"53":{"start":{"line":288,"column":43},"end":{"line":288,"column":null}},"54":{"start":{"line":289,"column":43},"end":{"line":289,"column":null}}},"fnMap":{"0":{"name":"NotificacoesMenu","decl":{"start":{"line":14,"column":24},"end":{"line":14,"column":43}},"loc":{"start":{"line":14,"column":43},"end":{"line":302,"column":null}},"line":14},"1":{"name":"(anonymous_1)","decl":{"start":{"line":20,"column":2},"end":{"line":20,"column":18}},"loc":{"start":{"line":20,"column":18},"end":{"line":25,"column":5}},"line":20},"2":{"name":"(anonymous_2)","decl":{"start":{"line":24,"column":4},"end":{"line":24,"column":17}},"loc":{"start":{"line":24,"column":17},"end":{"line":24,"column":null}},"line":24},"3":{"name":"(anonymous_3)","decl":{"start":{"line":28,"column":2},"end":{"line":28,"column":18}},"loc":{"start":{"line":28,"column":18},"end":{"line":36,"column":5}},"line":28},"4":{"name":"handleClickOutside","decl":{"start":{"line":29,"column":13},"end":{"line":29,"column":32}},"loc":{"start":{"line":29,"column":51},"end":{"line":33,"column":null}},"line":29},"5":{"name":"(anonymous_5)","decl":{"start":{"line":35,"column":4},"end":{"line":35,"column":17}},"loc":{"start":{"line":35,"column":17},"end":{"line":35,"column":null}},"line":35},"6":{"name":"fetchNotificacoes","decl":{"start":{"line":38,"column":17},"end":{"line":38,"column":37}},"loc":{"start":{"line":38,"column":37},"end":{"line":48,"column":null}},"line":38},"7":{"name":"handleMarcarComoLida","decl":{"start":{"line":50,"column":17},"end":{"line":50,"column":38}},"loc":{"start":{"line":50,"column":71},"end":{"line":61,"column":null}},"line":50},"8":{"name":"(anonymous_8)","decl":{"start":{"line":54,"column":6},"end":{"line":54,"column":22}},"loc":{"start":{"line":55,"column":8},"end":{"line":55,"column":null}},"line":55},"9":{"name":"(anonymous_9)","decl":{"start":{"line":55,"column":13},"end":{"line":55,"column":17}},"loc":{"start":{"line":55,"column":22},"end":{"line":55,"column":60}},"line":55},"10":{"name":"(anonymous_10)","decl":{"start":{"line":57,"column":6},"end":{"line":57,"column":23}},"loc":{"start":{"line":57,"column":31},"end":{"line":57,"column":52}},"line":57},"11":{"name":"handleMarcarTodasComoLidas","decl":{"start":{"line":63,"column":17},"end":{"line":63,"column":46}},"loc":{"start":{"line":63,"column":46},"end":{"line":73,"column":null}},"line":63},"12":{"name":"(anonymous_12)","decl":{"start":{"line":66,"column":6},"end":{"line":66,"column":22}},"loc":{"start":{"line":67,"column":8},"end":{"line":67,"column":null}},"line":67},"13":{"name":"(anonymous_13)","decl":{"start":{"line":67,"column":13},"end":{"line":67,"column":17}},"loc":{"start":{"line":67,"column":23},"end":{"line":67,"column":44}},"line":67},"14":{"name":"(anonymous_14)","decl":{"start":{"line":75,"column":8},"end":{"line":75,"column":19}},"loc":{"start":{"line":75,"column":36},"end":{"line":86,"column":null}},"line":75},"15":{"name":"(anonymous_15)","decl":{"start":{"line":92,"column":8},"end":{"line":92,"column":23}},"loc":{"start":{"line":92,"column":23},"end":{"line":92,"column":null}},"line":92},"16":{"name":"(anonymous_16)","decl":{"start":{"line":106,"column":8},"end":{"line":106,"column":23}},"loc":{"start":{"line":106,"column":29},"end":{"line":109,"column":null}},"line":106},"17":{"name":"(anonymous_17)","decl":{"start":{"line":110,"column":8},"end":{"line":110,"column":23}},"loc":{"start":{"line":110,"column":29},"end":{"line":113,"column":null}},"line":110},"18":{"name":"(anonymous_18)","decl":{"start":{"line":182,"column":16},"end":{"line":182,"column":31}},"loc":{"start":{"line":182,"column":37},"end":{"line":182,"column":null}},"line":182},"19":{"name":"(anonymous_19)","decl":{"start":{"line":183,"column":16},"end":{"line":183,"column":31}},"loc":{"start":{"line":183,"column":37},"end":{"line":183,"column":null}},"line":183},"20":{"name":"(anonymous_20)","decl":{"start":{"line":215,"column":27},"end":{"line":215,"column":32}},"loc":{"start":{"line":216,"column":16},"end":{"line":294,"column":null}},"line":216},"21":{"name":"(anonymous_21)","decl":{"start":{"line":275,"column":22},"end":{"line":275,"column":32}},"loc":{"start":{"line":275,"column":38},"end":{"line":275,"column":null}},"line":275},"22":{"name":"(anonymous_22)","decl":{"start":{"line":288,"column":22},"end":{"line":288,"column":37}},"loc":{"start":{"line":288,"column":43},"end":{"line":288,"column":null}},"line":288},"23":{"name":"(anonymous_23)","decl":{"start":{"line":289,"column":22},"end":{"line":289,"column":37}},"loc":{"start":{"line":289,"column":43},"end":{"line":289,"column":null}},"line":289}},"branchMap":{"0":{"loc":{"start":{"line":30,"column":6},"end":{"line":32,"column":null}},"type":"if","locations":[{"start":{"line":30,"column":6},"end":{"line":32,"column":null}},{"start":{},"end":{}}],"line":30},"1":{"loc":{"start":{"line":30,"column":10},"end":{"line":30,"column":86}},"type":"binary-expr","locations":[{"start":{"line":30,"column":10},"end":{"line":30,"column":33}},{"start":{"line":30,"column":33},"end":{"line":30,"column":86}}],"line":30},"2":{"loc":{"start":{"line":55,"column":22},"end":{"line":55,"column":60}},"type":"cond-expr","locations":[{"start":{"line":55,"column":36},"end":{"line":55,"column":59}},{"start":{"line":55,"column":59},"end":{"line":55,"column":60}}],"line":55},"3":{"loc":{"start":{"line":76,"column":4},"end":{"line":85,"column":null}},"type":"switch","locations":[{"start":{"line":77,"column":6},"end":{"line":78,"column":null}},{"start":{"line":79,"column":6},"end":{"line":80,"column":null}},{"start":{"line":81,"column":6},"end":{"line":82,"column":null}},{"start":{"line":83,"column":6},"end":{"line":84,"column":null}}],"line":76},"4":{"loc":{"start":{"line":116,"column":9},"end":{"line":136,"column":null}},"type":"binary-expr","locations":[{"start":{"line":116,"column":9},"end":{"line":116,"column":null}},{"start":{"line":117,"column":10},"end":{"line":136,"column":null}}],"line":116},"5":{"loc":{"start":{"line":139,"column":7},"end":{"line":300,"column":null}},"type":"binary-expr","locations":[{"start":{"line":139,"column":7},"end":{"line":139,"column":null}},{"start":{"line":140,"column":8},"end":{"line":300,"column":null}}],"line":139},"6":{"loc":{"start":{"line":170,"column":13},"end":{"line":188,"column":null}},"type":"binary-expr","locations":[{"start":{"line":170,"column":13},"end":{"line":170,"column":null}},{"start":{"line":171,"column":14},"end":{"line":188,"column":null}}],"line":170},"7":{"loc":{"start":{"line":199,"column":13},"end":{"line":295,"column":null}},"type":"cond-expr","locations":[{"start":{"line":200,"column":14},"end":{"line":215,"column":27}},{"start":{"line":215,"column":14},"end":{"line":295,"column":null}}],"line":199},"8":{"loc":{"start":{"line":224,"column":32},"end":{"line":224,"column":null}},"type":"cond-expr","locations":[{"start":{"line":224,"column":41},"end":{"line":224,"column":57}},{"start":{"line":224,"column":57},"end":{"line":224,"column":null}}],"line":224},"9":{"loc":{"start":{"line":248,"column":36},"end":{"line":248,"column":null}},"type":"cond-expr","locations":[{"start":{"line":248,"column":45},"end":{"line":248,"column":51}},{"start":{"line":248,"column":51},"end":{"line":248,"column":null}}],"line":248},"10":{"loc":{"start":{"line":273,"column":19},"end":{"line":292,"column":null}},"type":"binary-expr","locations":[{"start":{"line":273,"column":19},"end":{"line":273,"column":null}},{"start":{"line":274,"column":20},"end":{"line":292,"column":null}}],"line":273}},"s":{"0":7,"1":7,"2":7,"3":7,"4":7,"5":3,"6":3,"7":3,"8":3,"9":7,"10":0,"11":0,"12":3,"13":3,"14":3,"15":3,"16":3,"17":3,"18":3,"19":3,"20":1,"21":0,"22":0,"23":0,"24":0,"25":0,"26":0,"27":0,"28":0,"29":0,"30":0,"31":0,"32":0,"33":0,"34":0,"35":0,"36":0,"37":7,"38":1,"39":0,"40":0,"41":0,"42":1,"43":7,"44":1,"45":0,"46":0,"47":0,"48":0,"49":0,"50":0,"51":1,"52":0,"53":0,"54":0},"f":{"0":7,"1":3,"2":3,"3":3,"4":0,"5":3,"6":3,"7":0,"8":0,"9":0,"10":0,"11":0,"12":0,"13":0,"14":1,"15":1,"16":0,"17":0,"18":0,"19":0,"20":1,"21":0,"22":0,"23":0},"b":{"0":[0,0],"1":[0,0],"2":[0,0],"3":[0,0,0,1],"4":[7,0],"5":[7,1],"6":[1,0],"7":[0,1],"8":[0,1],"9":[0,1],"10":[1,1]},"meta":{"lastBranch":11,"lastFunction":24,"lastStatement":55,"seen":{"f:14:24:14:43":0,"s:15:23:15:Infinity":0,"s:16:24:16:Infinity":1,"s:17:17:17:Infinity":2,"s:18:8:18:Infinity":3,"s:20:2:25:Infinity":4,"f:20:2:20:18":1,"s:21:4:21:Infinity":5,"s:23:21:23:Infinity":6,"s:24:4:24:Infinity":7,"f:24:4:24:17":2,"s:24:17:24:Infinity":8,"s:28:2:36:Infinity":9,"f:28:2:28:18":3,"f:29:13:29:32":4,"b:30:6:32:Infinity:undefined:undefined:undefined:undefined":0,"s:30:6:32:Infinity":10,"b:30:10:30:33:30:33:30:86":1,"s:31:8:31:Infinity":11,"s:34:4:34:Infinity":12,"s:35:4:35:Infinity":13,"f:35:4:35:17":5,"s:35:17:35:Infinity":14,"f:38:17:38:37":6,"s:39:4:47:Infinity":15,"s:40:19:40:Infinity":16,"s:41:6:41:Infinity":17,"s:43:23:43:Infinity":18,"s:44:6:44:Infinity":19,"s:46:6:46:Infinity":20,"f:50:17:50:38":7,"s:51:4:51:Infinity":21,"s:52:4:60:Infinity":22,"s:53:6:53:Infinity":23,"s:54:6:56:Infinity":24,"f:54:6:54:22":8,"s:55:8:55:Infinity":25,"f:55:13:55:17":9,"s:55:22:55:60":26,"b:55:36:55:59:55:59:55:60":2,"s:57:6:57:Infinity":27,"f:57:6:57:23":10,"s:57:31:57:52":28,"s:59:6:59:Infinity":29,"f:63:17:63:46":11,"s:64:4:72:Infinity":30,"s:65:6:65:Infinity":31,"s:66:6:68:Infinity":32,"f:66:6:66:22":12,"s:67:8:67:Infinity":33,"f:67:13:67:17":13,"s:67:23:67:44":34,"s:69:6:69:Infinity":35,"s:71:6:71:Infinity":36,"s:75:8:86:Infinity":37,"f:75:8:75:19":14,"b:77:6:78:Infinity:79:6:80:Infinity:81:6:82:Infinity:83:6:84:Infinity":3,"s:76:4:85:Infinity":38,"s:78:8:78:Infinity":39,"s:80:8:80:Infinity":40,"s:82:8:82:Infinity":41,"s:84:8:84:Infinity":42,"s:88:2:300:Infinity":43,"f:92:8:92:23":15,"s:92:23:92:Infinity":44,"f:106:8:106:23":16,"s:107:10:107:Infinity":45,"s:108:10:108:Infinity":46,"f:110:8:110:23":17,"s:111:10:111:Infinity":47,"s:112:10:112:Infinity":48,"b:116:9:116:Infinity:117:10:136:Infinity":4,"b:139:7:139:Infinity:140:8:300:Infinity":5,"b:170:13:170:Infinity:171:14:188:Infinity":6,"f:182:16:182:31":18,"s:182:37:182:Infinity":49,"f:183:16:183:31":19,"s:183:37:183:Infinity":50,"b:200:14:215:27:215:14:295:Infinity":7,"f:215:27:215:32":20,"s:216:16:294:Infinity":51,"b:224:41:224:57:224:57:224:Infinity":8,"b:248:45:248:51:248:51:248:Infinity":9,"b:273:19:273:Infinity:274:20:292:Infinity":10,"f:275:22:275:32":21,"s:275:38:275:Infinity":52,"f:288:22:288:37":22,"s:288:43:288:Infinity":53,"f:289:22:289:37":23,"s:289:43:289:Infinity":54},"fnNames":{}}}
,"C:\\Users\\ramon.alves\\projeto-eq17\\frontend\\src\\context\\AuthContext.tsx": {"path":"C:\\Users\\ramon.alves\\projeto-eq17\\frontend\\src\\context\\AuthContext.tsx","statementMap":{"0":{"start":{"line":23,"column":6},"end":{"line":23,"column":null}},"1":{"start":{"line":26,"column":15},"end":{"line":26,"column":null}},"2":{"start":{"line":27,"column":26},"end":{"line":27,"column":null}},"3":{"start":{"line":28,"column":20},"end":{"line":28,"column":null}},"4":{"start":{"line":29,"column":27},"end":{"line":29,"column":null}},"5":{"start":{"line":30,"column":16},"end":{"line":30,"column":null}},"6":{"start":{"line":33,"column":2},"end":{"line":35,"column":null}},"7":{"start":{"line":34,"column":4},"end":{"line":34,"column":null}},"8":{"start":{"line":38,"column":4},"end":{"line":48,"column":null}},"9":{"start":{"line":39,"column":19},"end":{"line":39,"column":null}},"10":{"start":{"line":40,"column":6},"end":{"line":40,"column":null}},"11":{"start":{"line":41,"column":6},"end":{"line":41,"column":null}},"12":{"start":{"line":43,"column":6},"end":{"line":43,"column":null}},"13":{"start":{"line":44,"column":6},"end":{"line":44,"column":null}},"14":{"start":{"line":46,"column":6},"end":{"line":46,"column":null}},"15":{"start":{"line":47,"column":6},"end":{"line":47,"column":null}},"16":{"start":{"line":52,"column":4},"end":{"line":52,"column":null}},"17":{"start":{"line":53,"column":4},"end":{"line":53,"column":null}},"18":{"start":{"line":54,"column":4},"end":{"line":71,"column":null}},"19":{"start":{"line":55,"column":21},"end":{"line":55,"column":null}},"20":{"start":{"line":56,"column":6},"end":{"line":56,"column":null}},"21":{"start":{"line":57,"column":6},"end":{"line":57,"column":null}},"22":{"start":{"line":59,"column":6},"end":{"line":59,"column":null}},"23":{"start":{"line":62,"column":23},"end":{"line":62,"column":null}},"24":{"start":{"line":63,"column":6},"end":{"line":63,"column":null}},"25":{"start":{"line":64,"column":6},"end":{"line":64,"column":null}},"26":{"start":{"line":66,"column":6},"end":{"line":66,"column":null}},"27":{"start":{"line":67,"column":6},"end":{"line":67,"column":null}},"28":{"start":{"line":68,"column":6},"end":{"line":68,"column":null}},"29":{"start":{"line":70,"column":6},"end":{"line":70,"column":null}},"30":{"start":{"line":75,"column":4},"end":{"line":75,"column":null}},"31":{"start":{"line":76,"column":4},"end":{"line":76,"column":null}},"32":{"start":{"line":77,"column":4},"end":{"line":93,"column":null}},"33":{"start":{"line":78,"column":6},"end":{"line":84,"column":null}},"34":{"start":{"line":87,"column":6},"end":{"line":87,"column":null}},"35":{"start":{"line":89,"column":6},"end":{"line":89,"column":null}},"36":{"start":{"line":90,"column":6},"end":{"line":90,"column":null}},"37":{"start":{"line":92,"column":6},"end":{"line":92,"column":null}},"38":{"start":{"line":97,"column":4},"end":{"line":97,"column":null}},"39":{"start":{"line":98,"column":4},"end":{"line":106,"column":null}},"40":{"start":{"line":99,"column":6},"end":{"line":99,"column":null}},"41":{"start":{"line":103,"column":6},"end":{"line":103,"column":null}},"42":{"start":{"line":104,"column":6},"end":{"line":104,"column":null}},"43":{"start":{"line":105,"column":6},"end":{"line":105,"column":null}},"44":{"start":{"line":110,"column":4},"end":{"line":110,"column":null}},"45":{"start":{"line":113,"column":2},"end":{"line":128,"column":null}},"46":{"start":{"line":133,"column":8},"end":{"line":133,"column":null}},"47":{"start":{"line":134,"column":2},"end":{"line":136,"column":null}},"48":{"start":{"line":135,"column":4},"end":{"line":135,"column":null}},"49":{"start":{"line":137,"column":2},"end":{"line":137,"column":null}}},"fnMap":{"0":{"name":"AuthProvider","decl":{"start":{"line":25,"column":16},"end":{"line":25,"column":29}},"loc":{"start":{"line":25,"column":68},"end":{"line":130,"column":null}},"line":25},"1":{"name":"(anonymous_1)","decl":{"start":{"line":33,"column":2},"end":{"line":33,"column":18}},"loc":{"start":{"line":33,"column":18},"end":{"line":35,"column":5}},"line":33},"2":{"name":"checkAuthStatus","decl":{"start":{"line":37,"column":17},"end":{"line":37,"column":35}},"loc":{"start":{"line":37,"column":35},"end":{"line":49,"column":null}},"line":37},"3":{"name":"login","decl":{"start":{"line":51,"column":17},"end":{"line":51,"column":23}},"loc":{"start":{"line":51,"column":62},"end":{"line":72,"column":null}},"line":51},"4":{"name":"register","decl":{"start":{"line":74,"column":17},"end":{"line":74,"column":26}},"loc":{"start":{"line":74,"column":132},"end":{"line":94,"column":null}},"line":74},"5":{"name":"logout","decl":{"start":{"line":96,"column":17},"end":{"line":96,"column":26}},"loc":{"start":{"line":96,"column":26},"end":{"line":107,"column":null}},"line":96},"6":{"name":"clearError","decl":{"start":{"line":109,"column":11},"end":{"line":109,"column":24}},"loc":{"start":{"line":109,"column":24},"end":{"line":111,"column":null}},"line":109},"7":{"name":"useAuth","decl":{"start":{"line":132,"column":16},"end":{"line":132,"column":26}},"loc":{"start":{"line":132,"column":26},"end":{"line":138,"column":null}},"line":132}},"branchMap":{"0":{"loc":{"start":{"line":66,"column":15},"end":{"line":66,"column":54}},"type":"binary-expr","locations":[{"start":{"line":66,"column":15},"end":{"line":66,"column":30}},{"start":{"line":66,"column":30},"end":{"line":66,"column":54}}],"line":66},"1":{"loc":{"start":{"line":89,"column":15},"end":{"line":89,"column":57}},"type":"binary-expr","locations":[{"start":{"line":89,"column":15},"end":{"line":89,"column":30}},{"start":{"line":89,"column":30},"end":{"line":89,"column":57}}],"line":89},"2":{"loc":{"start":{"line":134,"column":2},"end":{"line":136,"column":null}},"type":"if","locations":[{"start":{"line":134,"column":2},"end":{"line":136,"column":null}},{"start":{},"end":{}}],"line":134}},"s":{"0":1,"1":17,"2":17,"3":17,"4":17,"5":17,"6":17,"7":5,"8":5,"9":5,"10":2,"11":2,"12":3,"13":3,"14":5,"15":5,"16":2,"17":2,"18":2,"19":2,"20":2,"21":2,"22":2,"23":2,"24":1,"25":1,"26":1,"27":1,"28":1,"29":2,"30":1,"31":1,"32":1,"33":1,"34":1,"35":1,"36":1,"37":1,"38":1,"39":1,"40":1,"41":1,"42":1,"43":1,"44":0,"45":17,"46":16,"47":16,"48":0,"49":16},"f":{"0":17,"1":5,"2":5,"3":2,"4":1,"5":1,"6":0,"7":16},"b":{"0":[1,0],"1":[1,0],"2":[0,16]},"meta":{"lastBranch":3,"lastFunction":8,"lastStatement":50,"seen":{"s:23:6:23:Infinity":0,"f:25:16:25:29":0,"s:26:15:26:Infinity":1,"s:27:26:27:Infinity":2,"s:28:20:28:Infinity":3,"s:29:27:29:Infinity":4,"s:30:16:30:Infinity":5,"s:33:2:35:Infinity":6,"f:33:2:33:18":1,"s:34:4:34:Infinity":7,"f:37:17:37:35":2,"s:38:4:48:Infinity":8,"s:39:19:39:Infinity":9,"s:40:6:40:Infinity":10,"s:41:6:41:Infinity":11,"s:43:6:43:Infinity":12,"s:44:6:44:Infinity":13,"s:46:6:46:Infinity":14,"s:47:6:47:Infinity":15,"f:51:17:51:23":3,"s:52:4:52:Infinity":16,"s:53:4:53:Infinity":17,"s:54:4:71:Infinity":18,"s:55:21:55:Infinity":19,"s:56:6:56:Infinity":20,"s:57:6:57:Infinity":21,"s:59:6:59:Infinity":22,"s:62:23:62:Infinity":23,"s:63:6:63:Infinity":24,"s:64:6:64:Infinity":25,"s:66:6:66:Infinity":26,"b:66:15:66:30:66:30:66:54":0,"s:67:6:67:Infinity":27,"s:68:6:68:Infinity":28,"s:70:6:70:Infinity":29,"f:74:17:74:26":4,"s:75:4:75:Infinity":30,"s:76:4:76:Infinity":31,"s:77:4:93:Infinity":32,"s:78:6:84:Infinity":33,"s:87:6:87:Infinity":34,"s:89:6:89:Infinity":35,"b:89:15:89:30:89:30:89:57":1,"s:90:6:90:Infinity":36,"s:92:6:92:Infinity":37,"f:96:17:96:26":5,"s:97:4:97:Infinity":38,"s:98:4:106:Infinity":39,"s:99:6:99:Infinity":40,"s:103:6:103:Infinity":41,"s:104:6:104:Infinity":42,"s:105:6:105:Infinity":43,"f:109:11:109:24":6,"s:110:4:110:Infinity":44,"s:113:2:128:Infinity":45,"f:132:16:132:26":7,"s:133:8:133:Infinity":46,"b:134:2:136:Infinity:undefined:undefined:undefined:undefined":2,"s:134:2:136:Infinity":47,"s:135:4:135:Infinity":48,"s:137:2:137:Infinity":49},"fnNames":{}}}
,"C:\\Users\\ramon.alves\\projeto-eq17\\frontend\\src\\pages\\CasaDetalhes.tsx": {"path":"C:\\Users\\ramon.alves\\projeto-eq17\\frontend\\src\\pages\\CasaDetalhes.tsx","statementMap":{"0":{"start":{"line":62,"column":10},"end":{"line":62,"column":null}},"1":{"start":{"line":63,"column":15},"end":{"line":63,"column":null}},"2":{"start":{"line":64,"column":18},"end":{"line":64,"column":null}},"3":{"start":{"line":65,"column":16},"end":{"line":65,"column":null}},"4":{"start":{"line":68,"column":27},"end":{"line":68,"column":null}},"5":{"start":{"line":69,"column":23},"end":{"line":69,"column":null}},"6":{"start":{"line":70,"column":23},"end":{"line":70,"column":null}},"7":{"start":{"line":71,"column":24},"end":{"line":71,"column":null}},"8":{"start":{"line":73,"column":27},"end":{"line":73,"column":null}},"9":{"start":{"line":74,"column":22},"end":{"line":74,"column":null}},"10":{"start":{"line":75,"column":23},"end":{"line":75,"column":null}},"11":{"start":{"line":76,"column":22},"end":{"line":76,"column":null}},"12":{"start":{"line":77,"column":24},"end":{"line":77,"column":null}},"13":{"start":{"line":78,"column":22},"end":{"line":78,"column":null}},"14":{"start":{"line":79,"column":26},"end":{"line":79,"column":null}},"15":{"start":{"line":80,"column":23},"end":{"line":80,"column":null}},"16":{"start":{"line":81,"column":26},"end":{"line":81,"column":null}},"17":{"start":{"line":83,"column":26},"end":{"line":83,"column":null}},"18":{"start":{"line":84,"column":21},"end":{"line":84,"column":null}},"19":{"start":{"line":85,"column":23},"end":{"line":85,"column":null}},"20":{"start":{"line":86,"column":22},"end":{"line":86,"column":null}},"21":{"start":{"line":87,"column":25},"end":{"line":87,"column":null}},"22":{"start":{"line":90,"column":26},"end":{"line":90,"column":null}},"23":{"start":{"line":91,"column":26},"end":{"line":91,"column":null}},"24":{"start":{"line":92,"column":29},"end":{"line":92,"column":null}},"25":{"start":{"line":93,"column":29},"end":{"line":93,"column":null}},"26":{"start":{"line":94,"column":22},"end":{"line":94,"column":null}},"27":{"start":{"line":96,"column":8},"end":{"line":96,"column":null}},"28":{"start":{"line":98,"column":2},"end":{"line":100,"column":null}},"29":{"start":{"line":99,"column":4},"end":{"line":99,"column":null}},"30":{"start":{"line":103,"column":4},"end":{"line":103,"column":null}},"31":{"start":{"line":104,"column":4},"end":{"line":104,"column":null}},"32":{"start":{"line":105,"column":4},"end":{"line":112,"column":null}},"33":{"start":{"line":106,"column":23},"end":{"line":106,"column":null}},"34":{"start":{"line":107,"column":6},"end":{"line":107,"column":null}},"35":{"start":{"line":109,"column":6},"end":{"line":109,"column":null}},"36":{"start":{"line":111,"column":6},"end":{"line":111,"column":null}},"37":{"start":{"line":117,"column":4},"end":{"line":117,"column":null}},"38":{"start":{"line":118,"column":4},"end":{"line":121,"column":null}},"39":{"start":{"line":119,"column":6},"end":{"line":119,"column":null}},"40":{"start":{"line":120,"column":6},"end":{"line":120,"column":null}},"41":{"start":{"line":123,"column":4},"end":{"line":123,"column":null}},"42":{"start":{"line":124,"column":4},"end":{"line":124,"column":null}},"43":{"start":{"line":125,"column":4},"end":{"line":140,"column":null}},"44":{"start":{"line":126,"column":26},"end":{"line":126,"column":null}},"45":{"start":{"line":127,"column":6},"end":{"line":133,"column":null}},"46":{"start":{"line":128,"column":8},"end":{"line":128,"column":null}},"47":{"start":{"line":128,"column":19},"end":{"line":128,"column":null}},"48":{"start":{"line":129,"column":8},"end":{"line":132,"column":null}},"49":{"start":{"line":134,"column":6},"end":{"line":134,"column":null}},"50":{"start":{"line":135,"column":6},"end":{"line":135,"column":null}},"51":{"start":{"line":137,"column":6},"end":{"line":137,"column":null}},"52":{"start":{"line":139,"column":6},"end":{"line":139,"column":null}},"53":{"start":{"line":145,"column":4},"end":{"line":145,"column":null}},"54":{"start":{"line":146,"column":4},"end":{"line":149,"column":null}},"55":{"start":{"line":147,"column":6},"end":{"line":147,"column":null}},"56":{"start":{"line":148,"column":6},"end":{"line":148,"column":null}},"57":{"start":{"line":151,"column":4},"end":{"line":151,"column":null}},"58":{"start":{"line":152,"column":4},"end":{"line":152,"column":null}},"59":{"start":{"line":153,"column":4},"end":{"line":182,"column":null}},"60":{"start":{"line":154,"column":26},"end":{"line":161,"column":null}},"61":{"start":{"line":163,"column":6},"end":{"line":169,"column":null}},"62":{"start":{"line":164,"column":8},"end":{"line":164,"column":null}},"63":{"start":{"line":164,"column":19},"end":{"line":164,"column":null}},"64":{"start":{"line":165,"column":8},"end":{"line":168,"column":null}},"65":{"start":{"line":171,"column":6},"end":{"line":171,"column":null}},"66":{"start":{"line":172,"column":6},"end":{"line":172,"column":null}},"67":{"start":{"line":173,"column":6},"end":{"line":173,"column":null}},"68":{"start":{"line":174,"column":6},"end":{"line":174,"column":null}},"69":{"start":{"line":175,"column":6},"end":{"line":175,"column":null}},"70":{"start":{"line":176,"column":6},"end":{"line":176,"column":null}},"71":{"start":{"line":177,"column":6},"end":{"line":177,"column":null}},"72":{"start":{"line":179,"column":6},"end":{"line":179,"column":null}},"73":{"start":{"line":181,"column":6},"end":{"line":181,"column":null}},"74":{"start":{"line":186,"column":4},"end":{"line":186,"column":null}},"75":{"start":{"line":186,"column":73},"end":{"line":186,"column":null}},"76":{"start":{"line":187,"column":4},"end":{"line":198,"column":null}},"77":{"start":{"line":188,"column":6},"end":{"line":188,"column":null}},"78":{"start":{"line":189,"column":6},"end":{"line":195,"column":null}},"79":{"start":{"line":190,"column":8},"end":{"line":190,"column":null}},"80":{"start":{"line":190,"column":19},"end":{"line":190,"column":null}},"81":{"start":{"line":191,"column":8},"end":{"line":194,"column":null}},"82":{"start":{"line":193,"column":46},"end":{"line":193,"column":64}},"83":{"start":{"line":197,"column":6},"end":{"line":197,"column":null}},"84":{"start":{"line":203,"column":4},"end":{"line":203,"column":null}},"85":{"start":{"line":204,"column":4},"end":{"line":207,"column":null}},"86":{"start":{"line":205,"column":6},"end":{"line":205,"column":null}},"87":{"start":{"line":206,"column":6},"end":{"line":206,"column":null}},"88":{"start":{"line":209,"column":4},"end":{"line":209,"column":null}},"89":{"start":{"line":210,"column":4},"end":{"line":210,"column":null}},"90":{"start":{"line":211,"column":4},"end":{"line":232,"column":null}},"91":{"start":{"line":212,"column":25},"end":{"line":215,"column":null}},"92":{"start":{"line":217,"column":6},"end":{"line":223,"column":null}},"93":{"start":{"line":218,"column":8},"end":{"line":218,"column":null}},"94":{"start":{"line":218,"column":19},"end":{"line":218,"column":null}},"95":{"start":{"line":219,"column":8},"end":{"line":222,"column":null}},"96":{"start":{"line":225,"column":6},"end":{"line":225,"column":null}},"97":{"start":{"line":226,"column":6},"end":{"line":226,"column":null}},"98":{"start":{"line":227,"column":6},"end":{"line":227,"column":null}},"99":{"start":{"line":229,"column":6},"end":{"line":229,"column":null}},"100":{"start":{"line":231,"column":6},"end":{"line":231,"column":null}},"101":{"start":{"line":236,"column":23},"end":{"line":236,"column":null}},"102":{"start":{"line":237,"column":4},"end":{"line":248,"column":null}},"103":{"start":{"line":238,"column":22},"end":{"line":238,"column":null}},"104":{"start":{"line":239,"column":6},"end":{"line":245,"column":null}},"105":{"start":{"line":240,"column":8},"end":{"line":240,"column":null}},"106":{"start":{"line":240,"column":19},"end":{"line":240,"column":null}},"107":{"start":{"line":241,"column":8},"end":{"line":244,"column":null}},"108":{"start":{"line":243,"column":41},"end":{"line":243,"column":72}},"109":{"start":{"line":247,"column":6},"end":{"line":247,"column":null}},"110":{"start":{"line":252,"column":4},"end":{"line":252,"column":null}},"111":{"start":{"line":252,"column":72},"end":{"line":252,"column":null}},"112":{"start":{"line":253,"column":4},"end":{"line":264,"column":null}},"113":{"start":{"line":254,"column":6},"end":{"line":254,"column":null}},"114":{"start":{"line":255,"column":6},"end":{"line":261,"column":null}},"115":{"start":{"line":256,"column":8},"end":{"line":256,"column":null}},"116":{"start":{"line":256,"column":19},"end":{"line":256,"column":null}},"117":{"start":{"line":257,"column":8},"end":{"line":260,"column":null}},"118":{"start":{"line":259,"column":44},"end":{"line":259,"column":61}},"119":{"start":{"line":263,"column":6},"end":{"line":263,"column":null}},"120":{"start":{"line":269,"column":4},"end":{"line":272,"column":null}},"121":{"start":{"line":270,"column":6},"end":{"line":270,"column":null}},"122":{"start":{"line":271,"column":6},"end":{"line":271,"column":null}},"123":{"start":{"line":274,"column":4},"end":{"line":274,"column":null}},"124":{"start":{"line":275,"column":4},"end":{"line":275,"column":null}},"125":{"start":{"line":276,"column":4},"end":{"line":298,"column":null}},"126":{"start":{"line":277,"column":23},"end":{"line":277,"column":null}},"127":{"start":{"line":278,"column":6},"end":{"line":278,"column":null}},"128":{"start":{"line":280,"column":29},"end":{"line":280,"column":null}},"129":{"start":{"line":283,"column":6},"end":{"line":289,"column":null}},"130":{"start":{"line":284,"column":8},"end":{"line":284,"column":null}},"131":{"start":{"line":284,"column":19},"end":{"line":284,"column":null}},"132":{"start":{"line":285,"column":8},"end":{"line":288,"column":null}},"133":{"start":{"line":287,"column":43},"end":{"line":287,"column":90}},"134":{"start":{"line":292,"column":6},"end":{"line":292,"column":null}},"135":{"start":{"line":293,"column":6},"end":{"line":293,"column":null}},"136":{"start":{"line":295,"column":6},"end":{"line":295,"column":null}},"137":{"start":{"line":297,"column":6},"end":{"line":297,"column":null}},"138":{"start":{"line":302,"column":4},"end":{"line":330,"column":null}},"139":{"start":{"line":304,"column":18},"end":{"line":304,"column":null}},"140":{"start":{"line":305,"column":29},"end":{"line":305,"column":null}},"141":{"start":{"line":306,"column":26},"end":{"line":306,"column":null}},"142":{"start":{"line":307,"column":6},"end":{"line":309,"column":null}},"143":{"start":{"line":307,"column":19},"end":{"line":307,"column":22}},"144":{"start":{"line":308,"column":8},"end":{"line":308,"column":null}},"145":{"start":{"line":310,"column":24},"end":{"line":310,"column":null}},"146":{"start":{"line":311,"column":19},"end":{"line":311,"column":null}},"147":{"start":{"line":312,"column":19},"end":{"line":312,"column":null}},"148":{"start":{"line":314,"column":23},"end":{"line":314,"column":null}},"149":{"start":{"line":315,"column":6},"end":{"line":315,"column":null}},"150":{"start":{"line":317,"column":29},"end":{"line":317,"column":null}},"151":{"start":{"line":318,"column":6},"end":{"line":324,"column":null}},"152":{"start":{"line":319,"column":8},"end":{"line":319,"column":null}},"153":{"start":{"line":319,"column":19},"end":{"line":319,"column":null}},"154":{"start":{"line":320,"column":8},"end":{"line":323,"column":null}},"155":{"start":{"line":322,"column":43},"end":{"line":322,"column":90}},"156":{"start":{"line":325,"column":6},"end":{"line":327,"column":null}},"157":{"start":{"line":326,"column":8},"end":{"line":326,"column":null}},"158":{"start":{"line":329,"column":6},"end":{"line":329,"column":null}},"159":{"start":{"line":334,"column":4},"end":{"line":349,"column":null}},"160":{"start":{"line":335,"column":23},"end":{"line":338,"column":null}},"161":{"start":{"line":340,"column":6},"end":{"line":342,"column":null}},"162":{"start":{"line":341,"column":8},"end":{"line":341,"column":null}},"163":{"start":{"line":344,"column":19},"end":{"line":344,"column":null}},"164":{"start":{"line":345,"column":22},"end":{"line":345,"column":null}},"165":{"start":{"line":346,"column":6},"end":{"line":346,"column":null}},"166":{"start":{"line":348,"column":6},"end":{"line":348,"column":null}},"167":{"start":{"line":353,"column":4},"end":{"line":365,"column":null}},"168":{"start":{"line":354,"column":29},"end":{"line":354,"column":null}},"169":{"start":{"line":355,"column":6},"end":{"line":361,"column":null}},"170":{"start":{"line":356,"column":8},"end":{"line":356,"column":null}},"171":{"start":{"line":356,"column":19},"end":{"line":356,"column":null}},"172":{"start":{"line":357,"column":8},"end":{"line":360,"column":null}},"173":{"start":{"line":359,"column":43},"end":{"line":359,"column":90}},"174":{"start":{"line":362,"column":6},"end":{"line":362,"column":null}},"175":{"start":{"line":364,"column":6},"end":{"line":364,"column":null}},"176":{"start":{"line":368,"column":8},"end":{"line":412,"column":null}},"177":{"start":{"line":369,"column":22},"end":{"line":369,"column":null}},"178":{"start":{"line":369,"column":43},"end":{"line":369,"column":82}},"179":{"start":{"line":370,"column":4},"end":{"line":370,"column":null}},"180":{"start":{"line":370,"column":20},"end":{"line":370,"column":null}},"181":{"start":{"line":372,"column":28},"end":{"line":372,"column":null}},"182":{"start":{"line":374,"column":4},"end":{"line":381,"column":null}},"183":{"start":{"line":375,"column":6},"end":{"line":379,"column":null}},"184":{"start":{"line":383,"column":4},"end":{"line":390,"column":null}},"185":{"start":{"line":384,"column":6},"end":{"line":388,"column":null}},"186":{"start":{"line":393,"column":4},"end":{"line":410,"column":null}},"187":{"start":{"line":398,"column":26},"end":{"line":398,"column":null}},"188":{"start":{"line":415,"column":4},"end":{"line":427,"column":null}},"189":{"start":{"line":416,"column":29},"end":{"line":416,"column":null}},"190":{"start":{"line":417,"column":6},"end":{"line":423,"column":null}},"191":{"start":{"line":418,"column":8},"end":{"line":418,"column":null}},"192":{"start":{"line":418,"column":19},"end":{"line":418,"column":null}},"193":{"start":{"line":419,"column":8},"end":{"line":422,"column":null}},"194":{"start":{"line":421,"column":43},"end":{"line":421,"column":90}},"195":{"start":{"line":424,"column":6},"end":{"line":424,"column":null}},"196":{"start":{"line":426,"column":6},"end":{"line":426,"column":null}},"197":{"start":{"line":430,"column":2},"end":{"line":445,"column":null}},"198":{"start":{"line":431,"column":4},"end":{"line":443,"column":null}},"199":{"start":{"line":447,"column":2},"end":{"line":458,"column":null}},"200":{"start":{"line":448,"column":4},"end":{"line":456,"column":null}},"201":{"start":{"line":453,"column":31},"end":{"line":453,"column":46}},"202":{"start":{"line":460,"column":64},"end":{"line":460,"column":null}},"203":{"start":{"line":461,"column":16},"end":{"line":461,"column":null}},"204":{"start":{"line":462,"column":24},"end":{"line":462,"column":null}},"205":{"start":{"line":462,"column":45},"end":{"line":462,"column":62}},"206":{"start":{"line":463,"column":29},"end":{"line":463,"column":null}},"207":{"start":{"line":463,"column":50},"end":{"line":463,"column":72}},"208":{"start":{"line":465,"column":2},"end":{"line":1439,"column":null}},"209":{"start":{"line":476,"column":27},"end":{"line":476,"column":null}},"210":{"start":{"line":546,"column":33},"end":{"line":546,"column":null}},"211":{"start":{"line":556,"column":18},"end":{"line":576,"column":null}},"212":{"start":{"line":589,"column":33},"end":{"line":589,"column":null}},"213":{"start":{"line":599,"column":18},"end":{"line":652,"column":null}},"214":{"start":{"line":628,"column":39},"end":{"line":628,"column":null}},"215":{"start":{"line":637,"column":41},"end":{"line":637,"column":null}},"216":{"start":{"line":645,"column":47},"end":{"line":645,"column":null}},"217":{"start":{"line":646,"column":47},"end":{"line":646,"column":null}},"218":{"start":{"line":672,"column":31},"end":{"line":672,"column":null}},"219":{"start":{"line":701,"column":22},"end":{"line":773,"column":null}},"220":{"start":{"line":708,"column":45},"end":{"line":708,"column":null}},"221":{"start":{"line":709,"column":45},"end":{"line":709,"column":null}},"222":{"start":{"line":717,"column":34},"end":{"line":717,"column":null}},"223":{"start":{"line":718,"column":34},"end":{"line":718,"column":null}},"224":{"start":{"line":754,"column":30},"end":{"line":754,"column":null}},"225":{"start":{"line":755,"column":30},"end":{"line":755,"column":null}},"226":{"start":{"line":765,"column":45},"end":{"line":765,"column":null}},"227":{"start":{"line":809,"column":22},"end":{"line":881,"column":null}},"228":{"start":{"line":816,"column":45},"end":{"line":816,"column":null}},"229":{"start":{"line":817,"column":45},"end":{"line":817,"column":null}},"230":{"start":{"line":825,"column":34},"end":{"line":825,"column":null}},"231":{"start":{"line":826,"column":34},"end":{"line":826,"column":null}},"232":{"start":{"line":862,"column":30},"end":{"line":862,"column":null}},"233":{"start":{"line":863,"column":30},"end":{"line":863,"column":null}},"234":{"start":{"line":873,"column":45},"end":{"line":873,"column":null}},"235":{"start":{"line":944,"column":35},"end":{"line":944,"column":null}},"236":{"start":{"line":952,"column":33},"end":{"line":952,"column":null}},"237":{"start":{"line":1018,"column":35},"end":{"line":1018,"column":null}},"238":{"start":{"line":1032,"column":37},"end":{"line":1032,"column":null}},"239":{"start":{"line":1043,"column":37},"end":{"line":1043,"column":null}},"240":{"start":{"line":1054,"column":35},"end":{"line":1054,"column":null}},"241":{"start":{"line":1060,"column":20},"end":{"line":1060,"column":null}},"242":{"start":{"line":1071,"column":37},"end":{"line":1071,"column":null}},"243":{"start":{"line":1087,"column":37},"end":{"line":1087,"column":null}},"244":{"start":{"line":1096,"column":33},"end":{"line":1096,"column":null}},"245":{"start":{"line":1162,"column":35},"end":{"line":1162,"column":null}},"246":{"start":{"line":1172,"column":35},"end":{"line":1172,"column":null}},"247":{"start":{"line":1178,"column":20},"end":{"line":1178,"column":null}},"248":{"start":{"line":1186,"column":33},"end":{"line":1186,"column":null}},"249":{"start":{"line":1235,"column":18},"end":{"line":1235,"column":null}},"250":{"start":{"line":1236,"column":18},"end":{"line":1236,"column":null}},"251":{"start":{"line":1237,"column":18},"end":{"line":1237,"column":null}},"252":{"start":{"line":1265,"column":35},"end":{"line":1265,"column":null}},"253":{"start":{"line":1266,"column":43},"end":{"line":1266,"column":null}},"254":{"start":{"line":1268,"column":16},"end":{"line":1418,"column":null}},"255":{"start":{"line":1318,"column":45},"end":{"line":1318,"column":null}},"256":{"start":{"line":1365,"column":30},"end":{"line":1367,"column":null}},"257":{"start":{"line":1366,"column":32},"end":{"line":1366,"column":null}},"258":{"start":{"line":1374,"column":41},"end":{"line":1374,"column":null}},"259":{"start":{"line":1401,"column":43},"end":{"line":1401,"column":null}},"260":{"start":{"line":1409,"column":43},"end":{"line":1409,"column":null}},"261":{"start":{"line":1426,"column":18},"end":{"line":1426,"column":null}},"262":{"start":{"line":1427,"column":18},"end":{"line":1427,"column":null}},"263":{"start":{"line":1428,"column":18},"end":{"line":1428,"column":null}}},"fnMap":{"0":{"name":"CasaDetalhes","decl":{"start":{"line":61,"column":24},"end":{"line":61,"column":39}},"loc":{"start":{"line":61,"column":39},"end":{"line":1441,"column":null}},"line":61},"1":{"name":"(anonymous_1)","decl":{"start":{"line":98,"column":2},"end":{"line":98,"column":18}},"loc":{"start":{"line":98,"column":18},"end":{"line":100,"column":5}},"line":98},"2":{"name":"fetchDetalhes","decl":{"start":{"line":102,"column":17},"end":{"line":102,"column":33}},"loc":{"start":{"line":102,"column":33},"end":{"line":113,"column":null}},"line":102},"3":{"name":"handleAddMorador","decl":{"start":{"line":116,"column":17},"end":{"line":116,"column":34}},"loc":{"start":{"line":116,"column":54},"end":{"line":141,"column":null}},"line":116},"4":{"name":"(anonymous_4)","decl":{"start":{"line":127,"column":6},"end":{"line":127,"column":14}},"loc":{"start":{"line":127,"column":22},"end":{"line":133,"column":7}},"line":127},"5":{"name":"handleCreateDespesa","decl":{"start":{"line":144,"column":17},"end":{"line":144,"column":37}},"loc":{"start":{"line":144,"column":57},"end":{"line":183,"column":null}},"line":144},"6":{"name":"(anonymous_6)","decl":{"start":{"line":163,"column":6},"end":{"line":163,"column":14}},"loc":{"start":{"line":163,"column":22},"end":{"line":169,"column":7}},"line":163},"7":{"name":"handleDeleteDespesa","decl":{"start":{"line":185,"column":17},"end":{"line":185,"column":37}},"loc":{"start":{"line":185,"column":56},"end":{"line":199,"column":null}},"line":185},"8":{"name":"(anonymous_8)","decl":{"start":{"line":189,"column":6},"end":{"line":189,"column":14}},"loc":{"start":{"line":189,"column":22},"end":{"line":195,"column":7}},"line":189},"9":{"name":"(anonymous_9)","decl":{"start":{"line":193,"column":34},"end":{"line":193,"column":41}},"loc":{"start":{"line":193,"column":46},"end":{"line":193,"column":64}},"line":193},"10":{"name":"handleCreateTarefa","decl":{"start":{"line":202,"column":17},"end":{"line":202,"column":36}},"loc":{"start":{"line":202,"column":56},"end":{"line":233,"column":null}},"line":202},"11":{"name":"(anonymous_11)","decl":{"start":{"line":217,"column":6},"end":{"line":217,"column":14}},"loc":{"start":{"line":217,"column":22},"end":{"line":223,"column":7}},"line":217},"12":{"name":"handleToggleTarefaStatus","decl":{"start":{"line":235,"column":17},"end":{"line":235,"column":42}},"loc":{"start":{"line":235,"column":83},"end":{"line":249,"column":null}},"line":235},"13":{"name":"(anonymous_13)","decl":{"start":{"line":239,"column":6},"end":{"line":239,"column":14}},"loc":{"start":{"line":239,"column":22},"end":{"line":245,"column":7}},"line":239},"14":{"name":"(anonymous_14)","decl":{"start":{"line":243,"column":32},"end":{"line":243,"column":36}},"loc":{"start":{"line":243,"column":41},"end":{"line":243,"column":72}},"line":243},"15":{"name":"handleDeleteTarefa","decl":{"start":{"line":251,"column":17},"end":{"line":251,"column":36}},"loc":{"start":{"line":251,"column":54},"end":{"line":265,"column":null}},"line":251},"16":{"name":"(anonymous_16)","decl":{"start":{"line":255,"column":6},"end":{"line":255,"column":14}},"loc":{"start":{"line":255,"column":22},"end":{"line":261,"column":7}},"line":255},"17":{"name":"(anonymous_17)","decl":{"start":{"line":259,"column":32},"end":{"line":259,"column":39}},"loc":{"start":{"line":259,"column":44},"end":{"line":259,"column":61}},"line":259},"18":{"name":"handleInformPagamento","decl":{"start":{"line":268,"column":17},"end":{"line":268,"column":39}},"loc":{"start":{"line":268,"column":57},"end":{"line":299,"column":null}},"line":268},"19":{"name":"(anonymous_19)","decl":{"start":{"line":283,"column":6},"end":{"line":283,"column":14}},"loc":{"start":{"line":283,"column":22},"end":{"line":289,"column":7}},"line":283},"20":{"name":"(anonymous_20)","decl":{"start":{"line":287,"column":34},"end":{"line":287,"column":38}},"loc":{"start":{"line":287,"column":43},"end":{"line":287,"column":90}},"line":287},"21":{"name":"handleFastPayment","decl":{"start":{"line":301,"column":17},"end":{"line":301,"column":35}},"loc":{"start":{"line":301,"column":53},"end":{"line":331,"column":null}},"line":301},"22":{"name":"(anonymous_22)","decl":{"start":{"line":318,"column":6},"end":{"line":318,"column":14}},"loc":{"start":{"line":318,"column":22},"end":{"line":324,"column":7}},"line":318},"23":{"name":"(anonymous_23)","decl":{"start":{"line":322,"column":34},"end":{"line":322,"column":38}},"loc":{"start":{"line":322,"column":43},"end":{"line":322,"column":90}},"line":322},"24":{"name":"handleVisualizarComprovante","decl":{"start":{"line":333,"column":17},"end":{"line":333,"column":45}},"loc":{"start":{"line":333,"column":66},"end":{"line":350,"column":null}},"line":333},"25":{"name":"handleConfirmPagamento","decl":{"start":{"line":352,"column":17},"end":{"line":352,"column":40}},"loc":{"start":{"line":352,"column":61},"end":{"line":366,"column":null}},"line":352},"26":{"name":"(anonymous_26)","decl":{"start":{"line":355,"column":6},"end":{"line":355,"column":14}},"loc":{"start":{"line":355,"column":22},"end":{"line":361,"column":7}},"line":355},"27":{"name":"(anonymous_27)","decl":{"start":{"line":359,"column":34},"end":{"line":359,"column":38}},"loc":{"start":{"line":359,"column":43},"end":{"line":359,"column":90}},"line":359},"28":{"name":"(anonymous_28)","decl":{"start":{"line":368,"column":8},"end":{"line":368,"column":28}},"loc":{"start":{"line":368,"column":43},"end":{"line":412,"column":null}},"line":368},"29":{"name":"(anonymous_29)","decl":{"start":{"line":369,"column":33},"end":{"line":369,"column":38}},"loc":{"start":{"line":369,"column":43},"end":{"line":369,"column":82}},"line":369},"30":{"name":"(anonymous_30)","decl":{"start":{"line":398,"column":10},"end":{"line":398,"column":26}},"loc":{"start":{"line":398,"column":26},"end":{"line":398,"column":null}},"line":398},"31":{"name":"handleRejeitarPagamento","decl":{"start":{"line":414,"column":17},"end":{"line":414,"column":41}},"loc":{"start":{"line":414,"column":62},"end":{"line":428,"column":null}},"line":414},"32":{"name":"(anonymous_32)","decl":{"start":{"line":417,"column":6},"end":{"line":417,"column":14}},"loc":{"start":{"line":417,"column":22},"end":{"line":423,"column":7}},"line":417},"33":{"name":"(anonymous_33)","decl":{"start":{"line":421,"column":34},"end":{"line":421,"column":38}},"loc":{"start":{"line":421,"column":43},"end":{"line":421,"column":90}},"line":421},"34":{"name":"(anonymous_34)","decl":{"start":{"line":453,"column":16},"end":{"line":453,"column":31}},"loc":{"start":{"line":453,"column":31},"end":{"line":453,"column":46}},"line":453},"35":{"name":"(anonymous_35)","decl":{"start":{"line":462,"column":33},"end":{"line":462,"column":40}},"loc":{"start":{"line":462,"column":45},"end":{"line":462,"column":62}},"line":462},"36":{"name":"(anonymous_36)","decl":{"start":{"line":463,"column":38},"end":{"line":463,"column":45}},"loc":{"start":{"line":463,"column":50},"end":{"line":463,"column":72}},"line":463},"37":{"name":"(anonymous_37)","decl":{"start":{"line":476,"column":12},"end":{"line":476,"column":27}},"loc":{"start":{"line":476,"column":27},"end":{"line":476,"column":null}},"line":476},"38":{"name":"(anonymous_38)","decl":{"start":{"line":546,"column":18},"end":{"line":546,"column":33}},"loc":{"start":{"line":546,"column":33},"end":{"line":546,"column":null}},"line":546},"39":{"name":"(anonymous_39)","decl":{"start":{"line":555,"column":27},"end":{"line":555,"column":32}},"loc":{"start":{"line":556,"column":18},"end":{"line":576,"column":null}},"line":556},"40":{"name":"(anonymous_40)","decl":{"start":{"line":589,"column":18},"end":{"line":589,"column":33}},"loc":{"start":{"line":589,"column":33},"end":{"line":589,"column":null}},"line":589},"41":{"name":"(anonymous_41)","decl":{"start":{"line":598,"column":25},"end":{"line":598,"column":30}},"loc":{"start":{"line":599,"column":18},"end":{"line":652,"column":null}},"line":599},"42":{"name":"(anonymous_42)","decl":{"start":{"line":628,"column":24},"end":{"line":628,"column":39}},"loc":{"start":{"line":628,"column":39},"end":{"line":628,"column":null}},"line":628},"43":{"name":"(anonymous_43)","decl":{"start":{"line":637,"column":26},"end":{"line":637,"column":41}},"loc":{"start":{"line":637,"column":41},"end":{"line":637,"column":null}},"line":637},"44":{"name":"(anonymous_44)","decl":{"start":{"line":645,"column":26},"end":{"line":645,"column":41}},"loc":{"start":{"line":645,"column":47},"end":{"line":645,"column":null}},"line":645},"45":{"name":"(anonymous_45)","decl":{"start":{"line":646,"column":26},"end":{"line":646,"column":41}},"loc":{"start":{"line":646,"column":47},"end":{"line":646,"column":null}},"line":646},"46":{"name":"(anonymous_46)","decl":{"start":{"line":672,"column":16},"end":{"line":672,"column":31}},"loc":{"start":{"line":672,"column":31},"end":{"line":672,"column":null}},"line":672},"47":{"name":"(anonymous_47)","decl":{"start":{"line":700,"column":35},"end":{"line":700,"column":40}},"loc":{"start":{"line":701,"column":22},"end":{"line":773,"column":null}},"line":701},"48":{"name":"(anonymous_48)","decl":{"start":{"line":708,"column":24},"end":{"line":708,"column":39}},"loc":{"start":{"line":708,"column":45},"end":{"line":708,"column":null}},"line":708},"49":{"name":"(anonymous_49)","decl":{"start":{"line":709,"column":24},"end":{"line":709,"column":39}},"loc":{"start":{"line":709,"column":45},"end":{"line":709,"column":null}},"line":709},"50":{"name":"(anonymous_50)","decl":{"start":{"line":716,"column":32},"end":{"line":716,"column":47}},"loc":{"start":{"line":716,"column":47},"end":{"line":719,"column":null}},"line":716},"51":{"name":"(anonymous_51)","decl":{"start":{"line":753,"column":28},"end":{"line":753,"column":43}},"loc":{"start":{"line":753,"column":43},"end":{"line":756,"column":null}},"line":753},"52":{"name":"(anonymous_52)","decl":{"start":{"line":765,"column":30},"end":{"line":765,"column":45}},"loc":{"start":{"line":765,"column":45},"end":{"line":765,"column":null}},"line":765},"53":{"name":"(anonymous_53)","decl":{"start":{"line":808,"column":40},"end":{"line":808,"column":45}},"loc":{"start":{"line":809,"column":22},"end":{"line":881,"column":null}},"line":809},"54":{"name":"(anonymous_54)","decl":{"start":{"line":816,"column":24},"end":{"line":816,"column":39}},"loc":{"start":{"line":816,"column":45},"end":{"line":816,"column":null}},"line":816},"55":{"name":"(anonymous_55)","decl":{"start":{"line":817,"column":24},"end":{"line":817,"column":39}},"loc":{"start":{"line":817,"column":45},"end":{"line":817,"column":null}},"line":817},"56":{"name":"(anonymous_56)","decl":{"start":{"line":824,"column":32},"end":{"line":824,"column":47}},"loc":{"start":{"line":824,"column":47},"end":{"line":827,"column":null}},"line":824},"57":{"name":"(anonymous_57)","decl":{"start":{"line":861,"column":28},"end":{"line":861,"column":43}},"loc":{"start":{"line":861,"column":43},"end":{"line":864,"column":null}},"line":861},"58":{"name":"(anonymous_58)","decl":{"start":{"line":873,"column":30},"end":{"line":873,"column":45}},"loc":{"start":{"line":873,"column":45},"end":{"line":873,"column":null}},"line":873},"59":{"name":"(anonymous_59)","decl":{"start":{"line":944,"column":18},"end":{"line":944,"column":29}},"loc":{"start":{"line":944,"column":35},"end":{"line":944,"column":null}},"line":944},"60":{"name":"(anonymous_60)","decl":{"start":{"line":952,"column":18},"end":{"line":952,"column":33}},"loc":{"start":{"line":952,"column":33},"end":{"line":952,"column":null}},"line":952},"61":{"name":"(anonymous_61)","decl":{"start":{"line":1018,"column":18},"end":{"line":1018,"column":29}},"loc":{"start":{"line":1018,"column":35},"end":{"line":1018,"column":null}},"line":1018},"62":{"name":"(anonymous_62)","decl":{"start":{"line":1032,"column":20},"end":{"line":1032,"column":31}},"loc":{"start":{"line":1032,"column":37},"end":{"line":1032,"column":null}},"line":1032},"63":{"name":"(anonymous_63)","decl":{"start":{"line":1043,"column":20},"end":{"line":1043,"column":31}},"loc":{"start":{"line":1043,"column":37},"end":{"line":1043,"column":null}},"line":1043},"64":{"name":"(anonymous_64)","decl":{"start":{"line":1054,"column":18},"end":{"line":1054,"column":29}},"loc":{"start":{"line":1054,"column":35},"end":{"line":1054,"column":null}},"line":1054},"65":{"name":"(anonymous_65)","decl":{"start":{"line":1059,"column":29},"end":{"line":1059,"column":33}},"loc":{"start":{"line":1060,"column":20},"end":{"line":1060,"column":null}},"line":1060},"66":{"name":"(anonymous_66)","decl":{"start":{"line":1071,"column":20},"end":{"line":1071,"column":31}},"loc":{"start":{"line":1071,"column":37},"end":{"line":1071,"column":null}},"line":1071},"67":{"name":"(anonymous_67)","decl":{"start":{"line":1087,"column":20},"end":{"line":1087,"column":31}},"loc":{"start":{"line":1087,"column":37},"end":{"line":1087,"column":null}},"line":1087},"68":{"name":"(anonymous_68)","decl":{"start":{"line":1096,"column":18},"end":{"line":1096,"column":33}},"loc":{"start":{"line":1096,"column":33},"end":{"line":1096,"column":null}},"line":1096},"69":{"name":"(anonymous_69)","decl":{"start":{"line":1162,"column":18},"end":{"line":1162,"column":29}},"loc":{"start":{"line":1162,"column":35},"end":{"line":1162,"column":null}},"line":1162},"70":{"name":"(anonymous_70)","decl":{"start":{"line":1172,"column":18},"end":{"line":1172,"column":29}},"loc":{"start":{"line":1172,"column":35},"end":{"line":1172,"column":null}},"line":1172},"71":{"name":"(anonymous_71)","decl":{"start":{"line":1177,"column":29},"end":{"line":1177,"column":33}},"loc":{"start":{"line":1178,"column":20},"end":{"line":1178,"column":null}},"line":1178},"72":{"name":"(anonymous_72)","decl":{"start":{"line":1186,"column":18},"end":{"line":1186,"column":33}},"loc":{"start":{"line":1186,"column":33},"end":{"line":1186,"column":null}},"line":1186},"73":{"name":"(anonymous_73)","decl":{"start":{"line":1234,"column":16},"end":{"line":1234,"column":31}},"loc":{"start":{"line":1234,"column":31},"end":{"line":1238,"column":null}},"line":1234},"74":{"name":"(anonymous_74)","decl":{"start":{"line":1264,"column":39},"end":{"line":1264,"column":44}},"loc":{"start":{"line":1264,"column":50},"end":{"line":1420,"column":15}},"line":1264},"75":{"name":"(anonymous_75)","decl":{"start":{"line":1318,"column":30},"end":{"line":1318,"column":45}},"loc":{"start":{"line":1318,"column":45},"end":{"line":1318,"column":null}},"line":1318},"76":{"name":"(anonymous_76)","decl":{"start":{"line":1364,"column":28},"end":{"line":1364,"column":39}},"loc":{"start":{"line":1364,"column":45},"end":{"line":1368,"column":null}},"line":1364},"77":{"name":"(anonymous_77)","decl":{"start":{"line":1374,"column":26},"end":{"line":1374,"column":41}},"loc":{"start":{"line":1374,"column":41},"end":{"line":1374,"column":null}},"line":1374},"78":{"name":"(anonymous_78)","decl":{"start":{"line":1401,"column":28},"end":{"line":1401,"column":43}},"loc":{"start":{"line":1401,"column":43},"end":{"line":1401,"column":null}},"line":1401},"79":{"name":"(anonymous_79)","decl":{"start":{"line":1409,"column":28},"end":{"line":1409,"column":43}},"loc":{"start":{"line":1409,"column":43},"end":{"line":1409,"column":null}},"line":1409},"80":{"name":"(anonymous_80)","decl":{"start":{"line":1425,"column":16},"end":{"line":1425,"column":31}},"loc":{"start":{"line":1425,"column":31},"end":{"line":1429,"column":null}},"line":1425}},"branchMap":{"0":{"loc":{"start":{"line":109,"column":15},"end":{"line":109,"column":71}},"type":"binary-expr","locations":[{"start":{"line":109,"column":15},"end":{"line":109,"column":30}},{"start":{"line":109,"column":30},"end":{"line":109,"column":71}}],"line":109},"1":{"loc":{"start":{"line":118,"column":4},"end":{"line":121,"column":null}},"type":"if","locations":[{"start":{"line":118,"column":4},"end":{"line":121,"column":null}},{"start":{},"end":{}}],"line":118},"2":{"loc":{"start":{"line":128,"column":8},"end":{"line":128,"column":null}},"type":"if","locations":[{"start":{"line":128,"column":8},"end":{"line":128,"column":null}},{"start":{},"end":{}}],"line":128},"3":{"loc":{"start":{"line":137,"column":22},"end":{"line":137,"column":65}},"type":"binary-expr","locations":[{"start":{"line":137,"column":22},"end":{"line":137,"column":37}},{"start":{"line":137,"column":37},"end":{"line":137,"column":65}}],"line":137},"4":{"loc":{"start":{"line":146,"column":4},"end":{"line":149,"column":null}},"type":"if","locations":[{"start":{"line":146,"column":4},"end":{"line":149,"column":null}},{"start":{},"end":{}}],"line":146},"5":{"loc":{"start":{"line":146,"column":8},"end":{"line":146,"column":73}},"type":"binary-expr","locations":[{"start":{"line":146,"column":8},"end":{"line":146,"column":24}},{"start":{"line":146,"column":24},"end":{"line":146,"column":41}},{"start":{"line":146,"column":41},"end":{"line":146,"column":57}},{"start":{"line":146,"column":57},"end":{"line":146,"column":73}}],"line":146},"6":{"loc":{"start":{"line":160,"column":18},"end":{"line":160,"column":null}},"type":"binary-expr","locations":[{"start":{"line":160,"column":18},"end":{"line":160,"column":37}},{"start":{"line":160,"column":37},"end":{"line":160,"column":null}}],"line":160},"7":{"loc":{"start":{"line":164,"column":8},"end":{"line":164,"column":null}},"type":"if","locations":[{"start":{"line":164,"column":8},"end":{"line":164,"column":null}},{"start":{},"end":{}}],"line":164},"8":{"loc":{"start":{"line":179,"column":22},"end":{"line":179,"column":61}},"type":"binary-expr","locations":[{"start":{"line":179,"column":22},"end":{"line":179,"column":37}},{"start":{"line":179,"column":37},"end":{"line":179,"column":61}}],"line":179},"9":{"loc":{"start":{"line":186,"column":4},"end":{"line":186,"column":null}},"type":"if","locations":[{"start":{"line":186,"column":4},"end":{"line":186,"column":null}},{"start":{},"end":{}}],"line":186},"10":{"loc":{"start":{"line":190,"column":8},"end":{"line":190,"column":null}},"type":"if","locations":[{"start":{"line":190,"column":8},"end":{"line":190,"column":null}},{"start":{},"end":{}}],"line":190},"11":{"loc":{"start":{"line":197,"column":12},"end":{"line":197,"column":53}},"type":"binary-expr","locations":[{"start":{"line":197,"column":12},"end":{"line":197,"column":27}},{"start":{"line":197,"column":27},"end":{"line":197,"column":53}}],"line":197},"12":{"loc":{"start":{"line":204,"column":4},"end":{"line":207,"column":null}},"type":"if","locations":[{"start":{"line":204,"column":4},"end":{"line":207,"column":null}},{"start":{},"end":{}}],"line":204},"13":{"loc":{"start":{"line":214,"column":23},"end":{"line":214,"column":null}},"type":"cond-expr","locations":[{"start":{"line":214,"column":38},"end":{"line":214,"column":63}},{"start":{"line":214,"column":63},"end":{"line":214,"column":null}}],"line":214},"14":{"loc":{"start":{"line":218,"column":8},"end":{"line":218,"column":null}},"type":"if","locations":[{"start":{"line":218,"column":8},"end":{"line":218,"column":null}},{"start":{},"end":{}}],"line":218},"15":{"loc":{"start":{"line":229,"column":21},"end":{"line":229,"column":59}},"type":"binary-expr","locations":[{"start":{"line":229,"column":21},"end":{"line":229,"column":36}},{"start":{"line":229,"column":36},"end":{"line":229,"column":59}}],"line":229},"16":{"loc":{"start":{"line":236,"column":23},"end":{"line":236,"column":null}},"type":"cond-expr","locations":[{"start":{"line":236,"column":54},"end":{"line":236,"column":68}},{"start":{"line":236,"column":68},"end":{"line":236,"column":null}}],"line":236},"17":{"loc":{"start":{"line":240,"column":8},"end":{"line":240,"column":null}},"type":"if","locations":[{"start":{"line":240,"column":8},"end":{"line":240,"column":null}},{"start":{},"end":{}}],"line":240},"18":{"loc":{"start":{"line":243,"column":41},"end":{"line":243,"column":72}},"type":"cond-expr","locations":[{"start":{"line":243,"column":61},"end":{"line":243,"column":71}},{"start":{"line":243,"column":71},"end":{"line":243,"column":72}}],"line":243},"19":{"loc":{"start":{"line":247,"column":12},"end":{"line":247,"column":64}},"type":"binary-expr","locations":[{"start":{"line":247,"column":12},"end":{"line":247,"column":27}},{"start":{"line":247,"column":27},"end":{"line":247,"column":64}}],"line":247},"20":{"loc":{"start":{"line":252,"column":4},"end":{"line":252,"column":null}},"type":"if","locations":[{"start":{"line":252,"column":4},"end":{"line":252,"column":null}},{"start":{},"end":{}}],"line":252},"21":{"loc":{"start":{"line":256,"column":8},"end":{"line":256,"column":null}},"type":"if","locati
[...]
6,"column":null}},"type":"binary-expr","locations":[{"start":{"line":246,"column":28},"end":{"line":246,"column":42}},{"start":{"line":246,"column":42},"end":{"line":246,"column":null}}],"line":246},"17":{"loc":{"start":{"line":255,"column":26},"end":{"line":255,"column":null}},"type":"binary-expr","locations":[{"start":{"line":255,"column":26},"end":{"line":255,"column":40}},{"start":{"line":255,"column":40},"end":{"line":255,"column":null}}],"line":255},"18":{"loc":{"start":{"line":258,"column":17},"end":{"line":261,"column":null}},"type":"cond-expr","locations":[{"start":{"line":258,"column":30},"end":{"line":258,"column":null}},{"start":{"line":259,"column":18},"end":{"line":261,"column":null}}],"line":258}},"s":{"0":15,"1":15,"2":15,"3":15,"4":15,"5":15,"6":15,"7":15,"8":15,"9":15,"10":15,"11":4,"12":1,"13":1,"14":1,"15":3,"16":3,"17":3,"18":3,"19":0,"20":0,"21":3,"22":3,"23":3,"24":3,"25":2,"26":2,"27":0,"28":0,"29":2,"30":0,"31":0,"32":2,"33":1,"34":1,"35":1,"36":1,"37":1,"38":1,"39":1,"40":2,"41":0,"42":0,"43":1,"44":15,"45":4,"46":11,"47":2,"48":2,"49":0,"50":0},"f":{"0":15,"1":4,"2":3,"3":0,"4":3,"5":3,"6":2,"7":0,"8":2,"9":2,"10":0,"11":0},"b":{"0":[15,2],"1":[1,3],"2":[3,0],"3":[0,0],"4":[3,0],"5":[0,2],"6":[2,2],"7":[0,2],"8":[1,1],"9":[1,0],"10":[0,0],"11":[4,11],"12":[1,10],"13":[10,1],"14":[10,1],"15":[10,9],"16":[10,9],"17":[10,9],"18":[1,9]},"meta":{"lastBranch":19,"lastFunction":12,"lastStatement":51,"seen":{"f:6:24:6:41":0,"s:7:9:7:Infinity":0,"s:8:16:8:Infinity":1,"b:8:16:8:45:8:45:8:Infinity":0,"s:9:8:9:Infinity":2,"s:11:20:11:Infinity":3,"s:12:25:12:Infinity":4,"s:13:26:13:Infinity":5,"s:14:22:14:Infinity":6,"s:15:21:15:Infinity":7,"s:16:25:16:Infinity":8,"s:17:21:17:Infinity":9,"s:19:2:47:Infinity":10,"f:19:2:19:18":1,"b:20:4:24:Infinity:undefined:undefined:undefined:undefined":1,"s:20:4:24:Infinity":11,"s:21:6:21:Infinity":12,"s:22:6:22:Infinity":13,"s:23:6:23:Infinity":14,"s:26:20:26:Infinity":15,"s:27:4:42:Infinity":16,"f:28:7:28:13":2,"b:29:8:31:Infinity:undefined:undefined:undefined:undefined":2,"s:29:8:31:Infinity":17,"s:30:10:30:Infinity":18,"f:33:7:33:19":3,"b:34:8:36:Infinity:undefined:undefined:undefined:undefined":3,"s:34:8:36:Infinity":19,"s:35:10:35:Infinity":20,"f:38:7:38:21":4,"b:39:8:41:Infinity:undefined:undefined:undefined:undefined":4,"s:39:8:41:Infinity":21,"s:40:10:40:Infinity":22,"s:44:4:46:Infinity":23,"f:44:4:44:17":5,"s:45:6:45:Infinity":24,"f:49:17:49:30":6,"s:50:4:50:Infinity":25,"b:51:4:54:Infinity:undefined:undefined:undefined:undefined":5,"s:51:4:54:Infinity":26,"b:51:8:51:22:51:22:51:39":6,"s:52:6:52:Infinity":27,"s:53:6:53:Infinity":28,"b:56:4:59:Infinity:undefined:undefined:undefined:undefined":7,"s:56:4:59:Infinity":29,"s:57:6:57:Infinity":30,"s:58:6:58:Infinity":31,"b:61:4:64:Infinity:undefined:undefined:undefined:undefined":8,"s:61:4:64:Infinity":32,"s:62:6:62:Infinity":33,"s:63:6:63:Infinity":34,"s:66:4:66:Infinity":35,"s:67:4:67:Infinity":36,"s:69:4:83:Infinity":37,"s:70:18:73:Infinity":38,"s:75:6:75:Infinity":39,"b:75:24:75:40:75:40:75:71":9,"s:76:6:78:Infinity":40,"f:76:6:76:23":7,"s:77:8:77:Infinity":41,"s:80:6:80:Infinity":42,"b:80:20:80:35:80:35:80:106":10,"s:82:6:82:Infinity":43,"b:86:2:101:Infinity:undefined:undefined:undefined:undefined":11,"s:86:2:101:Infinity":44,"s:87:4:99:Infinity":45,"s:103:2:291:Infinity":46,"b:139:10:179:Infinity:179:10:288:Infinity":12,"b:180:13:180:Infinity:181:14:201:Infinity":13,"b:204:13:204:Infinity:205:14:220:Infinity":14,"f:231:18:231:29":8,"s:231:35:231:Infinity":47,"b:232:28:232:42:232:42:232:Infinity":15,"f:245:18:245:29":9,"s:245:35:245:Infinity":48,"b:246:28:246:42:246:42:246:Infinity":16,"b:255:26:255:40:255:40:255:Infinity":17,"b:258:30:258:Infinity:259:18:261:Infinity":18,"f:282:16:282:31":10,"s:282:37:282:Infinity":49,"f:283:16:283:31":11,"s:283:37:283:Infinity":50},"fnNames":{}}}
,"C:\\Users\\ramon.alves\\projeto-eq17\\frontend\\src\\pages\\Register.tsx": {"path":"C:\\Users\\ramon.alves\\projeto-eq17\\frontend\\src\\pages\\Register.tsx","statementMap":{"0":{"start":{"line":7,"column":15},"end":{"line":7,"column":null}},"1":{"start":{"line":8,"column":16},"end":{"line":8,"column":null}},"2":{"start":{"line":9,"column":19},"end":{"line":9,"column":null}},"3":{"start":{"line":10,"column":24},"end":{"line":10,"column":null}},"4":{"start":{"line":11,"column":21},"end":{"line":11,"column":null}},"5":{"start":{"line":12,"column":21},"end":{"line":12,"column":null}},"6":{"start":{"line":13,"column":10},"end":{"line":13,"column":null}},"7":{"start":{"line":14,"column":8},"end":{"line":14,"column":null}},"8":{"start":{"line":17,"column":4},"end":{"line":17,"column":null}},"9":{"start":{"line":18,"column":4},"end":{"line":21,"column":null}},"10":{"start":{"line":19,"column":6},"end":{"line":19,"column":null}},"11":{"start":{"line":20,"column":6},"end":{"line":20,"column":null}},"12":{"start":{"line":23,"column":4},"end":{"line":26,"column":null}},"13":{"start":{"line":24,"column":6},"end":{"line":24,"column":null}},"14":{"start":{"line":25,"column":6},"end":{"line":25,"column":null}},"15":{"start":{"line":28,"column":4},"end":{"line":31,"column":null}},"16":{"start":{"line":29,"column":6},"end":{"line":29,"column":null}},"17":{"start":{"line":30,"column":6},"end":{"line":30,"column":null}},"18":{"start":{"line":33,"column":4},"end":{"line":33,"column":null}},"19":{"start":{"line":34,"column":4},"end":{"line":34,"column":null}},"20":{"start":{"line":36,"column":4},"end":{"line":47,"column":null}},"21":{"start":{"line":37,"column":6},"end":{"line":37,"column":null}},"22":{"start":{"line":38,"column":6},"end":{"line":38,"column":null}},"23":{"start":{"line":40,"column":6},"end":{"line":43,"column":null}},"24":{"start":{"line":41,"column":8},"end":{"line":41,"column":null}},"25":{"start":{"line":42,"column":8},"end":{"line":42,"column":null}},"26":{"start":{"line":44,"column":6},"end":{"line":44,"column":null}},"27":{"start":{"line":46,"column":6},"end":{"line":46,"column":null}},"28":{"start":{"line":50,"column":2},"end":{"line":214,"column":null}},"29":{"start":{"line":115,"column":31},"end":{"line":115,"column":null}},"30":{"start":{"line":128,"column":31},"end":{"line":128,"column":null}},"31":{"start":{"line":141,"column":31},"end":{"line":141,"column":null}},"32":{"start":{"line":157,"column":31},"end":{"line":157,"column":null}},"33":{"start":{"line":207,"column":33},"end":{"line":207,"column":null}},"34":{"start":{"line":208,"column":33},"end":{"line":208,"column":null}}},"fnMap":{"0":{"name":"Register","decl":{"start":{"line":6,"column":24},"end":{"line":6,"column":35}},"loc":{"start":{"line":6,"column":35},"end":{"line":216,"column":null}},"line":6},"1":{"name":"handleSubmit","decl":{"start":{"line":16,"column":17},"end":{"line":16,"column":30}},"loc":{"start":{"line":16,"column":50},"end":{"line":48,"column":null}},"line":16},"2":{"name":"(anonymous_2)","decl":{"start":{"line":115,"column":14},"end":{"line":115,"column":25}},"loc":{"start":{"line":115,"column":31},"end":{"line":115,"column":null}},"line":115},"3":{"name":"(anonymous_3)","decl":{"start":{"line":128,"column":14},"end":{"line":128,"column":25}},"loc":{"start":{"line":128,"column":31},"end":{"line":128,"column":null}},"line":128},"4":{"name":"(anonymous_4)","decl":{"start":{"line":141,"column":14},"end":{"line":141,"column":25}},"loc":{"start":{"line":141,"column":31},"end":{"line":141,"column":null}},"line":141},"5":{"name":"(anonymous_5)","decl":{"start":{"line":157,"column":14},"end":{"line":157,"column":25}},"loc":{"start":{"line":157,"column":31},"end":{"line":157,"column":null}},"line":157},"6":{"name":"(anonymous_6)","decl":{"start":{"line":207,"column":12},"end":{"line":207,"column":27}},"loc":{"start":{"line":207,"column":33},"end":{"line":207,"column":null}},"line":207},"7":{"name":"(anonymous_7)","decl":{"start":{"line":208,"column":12},"end":{"line":208,"column":27}},"loc":{"start":{"line":208,"column":33},"end":{"line":208,"column":null}},"line":208}},"branchMap":{"0":{"loc":{"start":{"line":18,"column":4},"end":{"line":21,"column":null}},"type":"if","locations":[{"start":{"line":18,"column":4},"end":{"line":21,"column":null}},{"start":{},"end":{}}],"line":18},"1":{"loc":{"start":{"line":18,"column":8},"end":{"line":18,"column":38}},"type":"binary-expr","locations":[{"start":{"line":18,"column":8},"end":{"line":18,"column":17}},{"start":{"line":18,"column":17},"end":{"line":18,"column":27}},{"start":{"line":18,"column":27},"end":{"line":18,"column":38}}],"line":18},"2":{"loc":{"start":{"line":23,"column":4},"end":{"line":26,"column":null}},"type":"if","locations":[{"start":{"line":23,"column":4},"end":{"line":26,"column":null}},{"start":{},"end":{}}],"line":23},"3":{"loc":{"start":{"line":28,"column":4},"end":{"line":31,"column":null}},"type":"if","locations":[{"start":{"line":28,"column":4},"end":{"line":31,"column":null}},{"start":{},"end":{}}],"line":28},"4":{"loc":{"start":{"line":40,"column":6},"end":{"line":43,"column":null}},"type":"if","locations":[{"start":{"line":40,"column":6},"end":{"line":43,"column":null}},{"start":{},"end":{}}],"line":40},"5":{"loc":{"start":{"line":40,"column":10},"end":{"line":40,"column":109}},"type":"binary-expr","locations":[{"start":{"line":40,"column":10},"end":{"line":40,"column":26}},{"start":{"line":40,"column":26},"end":{"line":40,"column":72}},{"start":{"line":40,"column":72},"end":{"line":40,"column":109}}],"line":40},"6":{"loc":{"start":{"line":44,"column":20},"end":{"line":44,"column":82}},"type":"binary-expr","locations":[{"start":{"line":44,"column":20},"end":{"line":44,"column":35}},{"start":{"line":44,"column":35},"end":{"line":44,"column":82}}],"line":44},"7":{"loc":{"start":{"line":89,"column":9},"end":{"line":104,"column":null}},"type":"binary-expr","locations":[{"start":{"line":89,"column":9},"end":{"line":89,"column":null}},{"start":{"line":90,"column":10},"end":{"line":104,"column":null}}],"line":89},"8":{"loc":{"start":{"line":185,"column":13},"end":{"line":188,"column":null}},"type":"cond-expr","locations":[{"start":{"line":185,"column":26},"end":{"line":185,"column":null}},{"start":{"line":186,"column":14},"end":{"line":188,"column":null}}],"line":185}},"s":{"0":13,"1":13,"2":13,"3":13,"4":13,"5":13,"6":13,"7":13,"8":2,"9":2,"10":0,"11":0,"12":2,"13":0,"14":0,"15":2,"16":1,"17":1,"18":1,"19":1,"20":1,"21":1,"22":1,"23":0,"24":0,"25":0,"26":0,"27":1,"28":13,"29":2,"30":2,"31":2,"32":1,"33":0,"34":0},"f":{"0":13,"1":2,"2":2,"3":2,"4":2,"5":1,"6":0,"7":0},"b":{"0":[0,2],"1":[2,2,2],"2":[0,2],"3":[1,1],"4":[0,0],"5":[0,0,0],"6":[0,0],"7":[13,1],"8":[1,12]},"meta":{"lastBranch":9,"lastFunction":8,"lastStatement":35,"seen":{"f:6:24:6:35":0,"s:7:15:7:Infinity":0,"s:8:16:8:Infinity":1,"s:9:19:9:Infinity":2,"s:10:24:10:Infinity":3,"s:11:21:11:Infinity":4,"s:12:21:12:Infinity":5,"s:13:10:13:Infinity":6,"s:14:8:14:Infinity":7,"f:16:17:16:30":1,"s:17:4:17:Infinity":8,"b:18:4:21:Infinity:undefined:undefined:undefined:undefined":0,"s:18:4:21:Infinity":9,"b:18:8:18:17:18:17:18:27:18:27:18:38":1,"s:19:6:19:Infinity":10,"s:20:6:20:Infinity":11,"b:23:4:26:Infinity:undefined:undefined:undefined:undefined":2,"s:23:4:26:Infinity":12,"s:24:6:24:Infinity":13,"s:25:6:25:Infinity":14,"b:28:4:31:Infinity:undefined:undefined:undefined:undefined":3,"s:28:4:31:Infinity":15,"s:29:6:29:Infinity":16,"s:30:6:30:Infinity":17,"s:33:4:33:Infinity":18,"s:34:4:34:Infinity":19,"s:36:4:47:Infinity":20,"s:37:6:37:Infinity":21,"s:38:6:38:Infinity":22,"b:40:6:43:Infinity:undefined:undefined:undefined:undefined":4,"s:40:6:43:Infinity":23,"b:40:10:40:26:40:26:40:72:40:72:40:109":5,"s:41:8:41:Infinity":24,"s:42:8:42:Infinity":25,"s:44:6:44:Infinity":26,"b:44:20:44:35:44:35:44:82":6,"s:46:6:46:Infinity":27,"s:50:2:214:Infinity":28,"b:89:9:89:Infinity:90:10:104:Infinity":7,"f:115:14:115:25":2,"s:115:31:115:Infinity":29,"f:128:14:128:25":3,"s:128:31:128:Infinity":30,"f:141:14:141:25":4,"s:141:31:141:Infinity":31,"f:157:14:157:25":5,"s:157:31:157:Infinity":32,"b:185:26:185:Infinity:186:14:188:Infinity":8,"f:207:12:207:27":6,"s:207:33:207:Infinity":33,"f:208:12:208:27":7,"s:208:33:208:Infinity":34},"fnNames":{}}}
,"C:\\Users\\ramon.alves\\projeto-eq17\\frontend\\src\\services\\api.ts": {"path":"C:\\Users\\ramon.alves\\projeto-eq17\\frontend\\src\\services\\api.ts","statementMap":{"0":{"start":{"line":4,"column":17},"end":{"line":4,"column":null}},"1":{"start":{"line":14,"column":75},"end":{"line":14,"column":null}},"2":{"start":{"line":16,"column":14},"end":{"line":16,"column":null}},"3":{"start":{"line":18,"column":36},"end":{"line":25,"column":null}},"4":{"start":{"line":27,"column":2},"end":{"line":43,"column":null}},"5":{"start":{"line":28,"column":4},"end":{"line":42,"column":null}},"6":{"start":{"line":29,"column":6},"end":{"line":29,"column":null}},"7":{"start":{"line":30,"column":11},"end":{"line":42,"column":null}},"8":{"start":{"line":31,"column":6},"end":{"line":34,"column":null}},"9":{"start":{"line":35,"column":6},"end":{"line":35,"column":null}},"10":{"start":{"line":37,"column":6},"end":{"line":40,"column":null}},"11":{"start":{"line":41,"column":6},"end":{"line":41,"column":null}},"12":{"start":{"line":45,"column":19},"end":{"line":45,"column":null}},"13":{"start":{"line":47,"column":2},"end":{"line":56,"column":null}},"14":{"start":{"line":48,"column":23},"end":{"line":48,"column":null}},"15":{"start":{"line":49,"column":4},"end":{"line":54,"column":null}},"16":{"start":{"line":50,"column":24},"end":{"line":50,"column":null}},"17":{"start":{"line":51,"column":6},"end":{"line":51,"column":null}},"18":{"start":{"line":55,"column":4},"end":{"line":55,"column":null}},"19":{"start":{"line":59,"column":22},"end":{"line":59,"column":null}},"20":{"start":{"line":60,"column":2},"end":{"line":62,"column":null}},"21":{"start":{"line":61,"column":4},"end":{"line":61,"column":null}},"22":{"start":{"line":64,"column":2},"end":{"line":64,"column":null}},"23":{"start":{"line":67,"column":19},"end":{"line":82,"column":null}},"24":{"start":{"line":69,"column":4},"end":{"line":69,"column":null}},"25":{"start":{"line":72,"column":4},"end":{"line":72,"column":null}},"26":{"start":{"line":75,"column":4},"end":{"line":75,"column":null}},"27":{"start":{"line":78,"column":4},"end":{"line":78,"column":null}},"28":{"start":{"line":81,"column":4},"end":{"line":81,"column":null}}},"fnMap":{"0":{"name":"apiRequest","decl":{"start":{"line":13,"column":22},"end":{"line":13,"column":42}},"loc":{"start":{"line":13,"column":102},"end":{"line":65,"column":null}},"line":13},"1":{"name":"(anonymous_1)","decl":{"start":{"line":68,"column":2},"end":{"line":68,"column":11}},"loc":{"start":{"line":69,"column":4},"end":{"line":69,"column":null}},"line":69},"2":{"name":"(anonymous_2)","decl":{"start":{"line":71,"column":2},"end":{"line":71,"column":12}},"loc":{"start":{"line":72,"column":4},"end":{"line":72,"column":null}},"line":72},"3":{"name":"(anonymous_3)","decl":{"start":{"line":74,"column":2},"end":{"line":74,"column":21}},"loc":{"start":{"line":75,"column":4},"end":{"line":75,"column":null}},"line":75},"4":{"name":"(anonymous_4)","decl":{"start":{"line":77,"column":2},"end":{"line":77,"column":11}},"loc":{"start":{"line":78,"column":4},"end":{"line":78,"column":null}},"line":78},"5":{"name":"(anonymous_5)","decl":{"start":{"line":80,"column":2},"end":{"line":80,"column":14}},"loc":{"start":{"line":81,"column":4},"end":{"line":81,"column":null}},"line":81}},"branchMap":{"0":{"loc":{"start":{"line":4,"column":17},"end":{"line":4,"column":null}},"type":"binary-expr","locations":[{"start":{"line":4,"column":17},"end":{"line":4,"column":49}},{"start":{"line":4,"column":49},"end":{"line":4,"column":null}}],"line":4},"1":{"loc":{"start":{"line":13,"column":60},"end":{"line":13,"column":102}},"type":"default-arg","locations":[{"start":{"line":13,"column":86},"end":{"line":13,"column":102}}],"line":13},"2":{"loc":{"start":{"line":14,"column":10},"end":{"line":14,"column":26}},"type":"default-arg","locations":[{"start":{"line":14,"column":19},"end":{"line":14,"column":26}}],"line":14},"3":{"loc":{"start":{"line":14,"column":32},"end":{"line":14,"column":46}},"type":"default-arg","locations":[{"start":{"line":14,"column":42},"end":{"line":14,"column":46}}],"line":14},"4":{"loc":{"start":{"line":14,"column":46},"end":{"line":14,"column":75}},"type":"default-arg","locations":[{"start":{"line":14,"column":65},"end":{"line":14,"column":75}}],"line":14},"5":{"loc":{"start":{"line":27,"column":2},"end":{"line":43,"column":null}},"type":"if","locations":[{"start":{"line":27,"column":2},"end":{"line":43,"column":null}},{"start":{},"end":{}}],"line":27},"6":{"loc":{"start":{"line":28,"column":4},"end":{"line":42,"column":null}},"type":"if","locations":[{"start":{"line":28,"column":4},"end":{"line":42,"column":null}},{"start":{"line":30,"column":11},"end":{"line":42,"column":null}}],"line":28},"7":{"loc":{"start":{"line":30,"column":11},"end":{"line":42,"column":null}},"type":"if","locations":[{"start":{"line":30,"column":11},"end":{"line":42,"column":null}},{"start":{"line":36,"column":11},"end":{"line":42,"column":null}}],"line":30},"8":{"loc":{"start":{"line":47,"column":2},"end":{"line":56,"column":null}},"type":"if","locations":[{"start":{"line":47,"column":2},"end":{"line":56,"column":null}},{"start":{},"end":{}}],"line":47},"9":{"loc":{"start":{"line":51,"column":21},"end":{"line":51,"column":null}},"type":"binary-expr","locations":[{"start":{"line":51,"column":21},"end":{"line":51,"column":39}},{"start":{"line":51,"column":39},"end":{"line":51,"column":61}},{"start":{"line":51,"column":61},"end":{"line":51,"column":null}}],"line":51},"10":{"loc":{"start":{"line":60,"column":2},"end":{"line":62,"column":null}},"type":"if","locations":[{"start":{"line":60,"column":2},"end":{"line":62,"column":null}},{"start":{},"end":{}}],"line":60},"11":{"loc":{"start":{"line":60,"column":6},"end":{"line":60,"column":63}},"type":"binary-expr","locations":[{"start":{"line":60,"column":6},"end":{"line":60,"column":21}},{"start":{"line":60,"column":21},"end":{"line":60,"column":63}}],"line":60},"12":{"loc":{"start":{"line":71,"column":42},"end":{"line":71,"column":68}},"type":"default-arg","locations":[{"start":{"line":71,"column":61},"end":{"line":71,"column":68}}],"line":71}},"s":{"0":1,"1":6,"2":6,"3":6,"4":6,"5":3,"6":0,"7":3,"8":0,"9":0,"10":3,"11":3,"12":6,"13":6,"14":2,"15":2,"16":2,"17":1,"18":2,"19":4,"20":4,"21":4,"22":0,"23":1,"24":2,"25":2,"26":0,"27":1,"28":1},"f":{"0":6,"1":2,"2":2,"3":0,"4":1,"5":1},"b":{"0":[1,1],"1":[6],"2":[6],"3":[6],"4":[6],"5":[3,3],"6":[0,3],"7":[0,3],"8":[2,4],"9":[1,0,0],"10":[4,0],"11":[4,4],"12":[2]},"meta":{"lastBranch":13,"lastFunction":6,"lastStatement":29,"seen":{"s:4:17:4:Infinity":0,"b:4:17:4:49:4:49:4:Infinity":0,"f:13:22:13:42":0,"b:13:86:13:102":1,"s:14:75:14:Infinity":1,"b:14:19:14:26":2,"b:14:42:14:46":3,"b:14:65:14:75":4,"s:16:14:16:Infinity":2,"s:18:36:25:Infinity":3,"b:27:2:43:Infinity:undefined:undefined:undefined:undefined":5,"s:27:2:43:Infinity":4,"b:28:4:42:Infinity:30:11:42:Infinity":6,"s:28:4:42:Infinity":5,"s:29:6:29:Infinity":6,"b:30:11:42:Infinity:36:11:42:Infinity":7,"s:30:11:42:Infinity":7,"s:31:6:34:Infinity":8,"s:35:6:35:Infinity":9,"s:37:6:40:Infinity":10,"s:41:6:41:Infinity":11,"s:45:19:45:Infinity":12,"b:47:2:56:Infinity:undefined:undefined:undefined:undefined":8,"s:47:2:56:Infinity":13,"s:48:23:48:Infinity":14,"s:49:4:54:Infinity":15,"s:50:24:50:Infinity":16,"s:51:6:51:Infinity":17,"b:51:21:51:39:51:39:51:61:51:61:51:Infinity":9,"s:55:4:55:Infinity":18,"s:59:22:59:Infinity":19,"b:60:2:62:Infinity:undefined:undefined:undefined:undefined":10,"s:60:2:62:Infinity":20,"b:60:6:60:21:60:21:60:63":11,"s:61:4:61:Infinity":21,"s:64:2:64:Infinity":22,"s:67:19:82:Infinity":23,"f:68:2:68:11":1,"s:69:4:69:Infinity":24,"f:71:2:71:12":2,"s:72:4:72:Infinity":25,"b:71:61:71:68":12,"f:74:2:74:21":3,"s:75:4:75:Infinity":26,"f:77:2:77:11":4,"s:78:4:78:Infinity":27,"f:80:2:80:14":5,"s:81:4:81:Infinity":28},"fnNames":{}}}
}
